#
# There is insufficient memory for the Java Runtime Environment to continue.
# Native memory allocation (mmap) failed to map 167772160 bytes for Failed to commit area from 0x0000000761c00000 to 0x000000076bc00000 of length 167772160.
# Possible reasons:
#   The system is out of physical RAM or swap space
#   The process is running with CompressedOops enabled, and the Java Heap may be blocking the growth of the native heap
# Possible solutions:
#   Reduce memory load on the system
#   Increase physical memory or swap space
#   Check if swap backing store is full
#   Decrease Java heap size (-Xmx/-Xms)
#   Decrease number of Java threads
#   Decrease Java thread stack sizes (-Xss)
#   Set larger code cache with -XX:ReservedCodeCacheSize=
# This output file may be truncated or incomplete.
#
#  Out of Memory Error (./src/hotspot/os/windows/os_windows.cpp:3387), pid=10480, tid=4428
#
# JRE version:  (11.0.14.1+1) (build )
# Java VM: OpenJDK 64-Bit Server VM (11.0.14.1+1, mixed mode, sharing, tiered, compressed oops, g1 gc, windows-amd64)
# No core dump will be written. Minidumps are not enabled by default on client versions of Windows
#

---------------  S U M M A R Y ------------

Command Line: 

Host: Intel(R) Core(TM) i5-3210M CPU @ 2.50GHz, 2 cores, 9G,  Windows 10 , 64 bit Build 19041 (10.0.19041.3636)
Time: Sun Mar 24 22:02:59 2024 Georgian Standard Time elapsed time: 0.043682 seconds (0d 0h 0m 0s)

---------------  T H R E A D  ---------------

Current thread (0x0000021e89312000):  JavaThread "Unknown thread" [_thread_in_vm, id=4428, stack(0x000000f4ff900000,0x000000f4ffa00000)]

Stack: [0x000000f4ff900000,0x000000f4ffa00000]
Native frames: (J=compiled Java code, j=interpreted, Vv=VM code, C=native code)
V  [jvm.dll+0x61e59a]
V  [jvm.dll+0x7aaca9]
V  [jvm.dll+0x7ac398]
V  [jvm.dll+0x7aca73]
V  [jvm.dll+0x24f9b8]
V  [jvm.dll+0x61b83a]
V  [jvm.dll+0x6100c5]
V  [jvm.dll+0x30772c]
V  [jvm.dll+0x3075b2]
V  [jvm.dll+0x30c2d6]
V  [jvm.dll+0x35272f]
V  [jvm.dll+0x352160]
V  [jvm.dll+0x2e4728]
V  [jvm.dll+0x2e5886]
V  [jvm.dll+0x784b07]
V  [jvm.dll+0x78628f]
V  [jvm.dll+0x35f479]
V  [jvm.dll+0x767aa0]
V  [jvm.dll+0x3ccf1f]
V  [jvm.dll+0x3cf2b1]
C  [jli.dll+0x5207]
C  [ucrtbase.dll+0x21bb2]
C  [KERNEL32.DLL+0x17344]
C  [ntdll.dll+0x526b1]


---------------  P R O C E S S  ---------------

Threads class SMR info:
_java_thread_list=0x0000021e871ffea0, length=0, elements={
}

Java Threads: ( => current thread )

Other Threads:
  0x0000021e8932a800 GCTaskThread "GC Thread#0" [stack: 0x000000f4ffa00000,0x000000f4ffb00000] [id=9992]
  0x0000021e89367000 ConcurrentGCThread "G1 Main Marker" [stack: 0x000000f4ffb00000,0x000000f4ffc00000] [id=14808]
  0x0000021e89368800 ConcurrentGCThread "G1 Conc#0" [stack: 0x000000f4ffc00000,0x000000f4ffd00000] [id=5016]

[error occurred during error reporting (printing all threads), id 0xc0000005, EXCEPTION_ACCESS_VIOLATION (0xc0000005) at pc=0x00007ffe86f23ef7]

VM state:not at safepoint (not fully initialized)

VM Mutex/Monitor currently owned by a thread:  ([mutex/lock_event])
[0x0000021e8930df00] Heap_lock - owner thread: 0x0000021e89312000

Heap address: 0x0000000761c00000, size: 2532 MB, Compressed Oops mode: Non-zero based: 0x0000000761c00000
Narrow klass base: 0x0000000000000000, Narrow klass shift: 0

GC Heap History (0 events):
No events

Deoptimization events (0 events):
No events

Classes redefined (0 events):
No events

Internal exceptions (0 events):
No events

Events (1 events):
Event: 0.017 Loaded shared library C:\Program Files\Unity\Hub\Editor\2022.3.17f1\Editor\Data\PlaybackEngines\AndroidPlayer\OpenJDK\bin\zip.dll


Dynamic libraries:
0x00007ff6aed90000 - 0x00007ff6aed9d000 	C:\Program Files\Unity\Hub\Editor\2022.3.17f1\Editor\Data\PlaybackEngines\AndroidPlayer\OpenJDK\bin\java.exe
0x00007ffefd0b0000 - 0x00007ffefd2a8000 	C:\Windows\SYSTEM32\ntdll.dll
0x00007ffefbc80000 - 0x00007ffefbd3d000 	C:\Windows\System32\KERNEL32.DLL
0x00007ffefa8d0000 - 0x00007ffefabc6000 	C:\Windows\System32\KERNELBASE.dll
0x00007ffefaeb0000 - 0x00007ffefafb0000 	C:\Windows\System32\ucrtbase.dll
0x00007ffee8360000 - 0x00007ffee8377000 	C:\Program Files\Unity\Hub\Editor\2022.3.17f1\Editor\Data\PlaybackEngines\AndroidPlayer\OpenJDK\bin\jli.dll
0x00007ffefb270000 - 0x00007ffefb40e000 	C:\Windows\System32\USER32.dll
0x00007ffefae50000 - 0x00007ffefae72000 	C:\Windows\System32\win32u.dll
0x00007ffefbe30000 - 0x00007ffefbe5b000 	C:\Windows\System32\GDI32.dll
0x00007ffefabd0000 - 0x00007ffeface7000 	C:\Windows\System32\gdi32full.dll
0x00007ffefb040000 - 0x00007ffefb0dd000 	C:\Windows\System32\msvcp_win.dll
0x00007ffee5f60000 - 0x00007ffee5f75000 	C:\Program Files\Unity\Hub\Editor\2022.3.17f1\Editor\Data\PlaybackEngines\AndroidPlayer\OpenJDK\bin\VCRUNTIME140.dll
0x00007ffeee580000 - 0x00007ffeee81a000 	C:\Windows\WinSxS\amd64_microsoft.windows.common-controls_6595b64144ccf1df_6.0.19041.3636_none_60b6a03d71f818d5\COMCTL32.dll
0x00007ffefc0c0000 - 0x00007ffefc15e000 	C:\Windows\System32\msvcrt.dll
0x00007ffefb7e0000 - 0x00007ffefb812000 	C:\Windows\System32\IMM32.DLL
0x00007ffeda670000 - 0x00007ffeda70b000 	C:\Program Files\Unity\Hub\Editor\2022.3.17f1\Editor\Data\PlaybackEngines\AndroidPlayer\OpenJDK\bin\msvcp140.dll
0x00007ffe86c30000 - 0x00007ffe877b1000 	C:\Program Files\Unity\Hub\Editor\2022.3.17f1\Editor\Data\PlaybackEngines\AndroidPlayer\OpenJDK\bin\server\jvm.dll
0x00007ffefb9d0000 - 0x00007ffefba80000 	C:\Windows\System32\ADVAPI32.dll
0x00007ffefc960000 - 0x00007ffefca00000 	C:\Windows\System32\sechost.dll
0x00007ffefb0e0000 - 0x00007ffefb205000 	C:\Windows\System32\RPCRT4.dll
0x00007ffefae80000 - 0x00007ffefaea7000 	C:\Windows\System32\bcrypt.dll
0x00007ffefb770000 - 0x00007ffefb778000 	C:\Windows\System32\PSAPI.DLL
0x00007ffeef0a0000 - 0x00007ffeef0a9000 	C:\Windows\SYSTEM32\WSOCK32.dll
0x00007ffefc8d0000 - 0x00007ffefc93b000 	C:\Windows\System32\WS2_32.dll
0x00007ffee53d0000 - 0x00007ffee53f7000 	C:\Windows\SYSTEM32\WINMM.dll
0x00007ffeeb380000 - 0x00007ffeeb38a000 	C:\Windows\SYSTEM32\VERSION.dll
0x00007ffef8530000 - 0x00007ffef8542000 	C:\Windows\SYSTEM32\kernel.appcore.dll
0x00007ffef4270000 - 0x00007ffef4280000 	C:\Program Files\Unity\Hub\Editor\2022.3.17f1\Editor\Data\PlaybackEngines\AndroidPlayer\OpenJDK\bin\verify.dll
0x00007ffeea6b0000 - 0x00007ffeea894000 	C:\Windows\SYSTEM32\DBGHELP.DLL
0x00007ffeea670000 - 0x00007ffeea6a4000 	C:\Windows\SYSTEM32\dbgcore.DLL
0x00007ffefafb0000 - 0x00007ffefb032000 	C:\Windows\System32\bcryptPrimitives.dll
0x00007ffee4a20000 - 0x00007ffee4a48000 	C:\Program Files\Unity\Hub\Editor\2022.3.17f1\Editor\Data\PlaybackEngines\AndroidPlayer\OpenJDK\bin\java.dll
0x00007ffeeb580000 - 0x00007ffeeb58a000 	C:\Program Files\Unity\Hub\Editor\2022.3.17f1\Editor\Data\PlaybackEngines\AndroidPlayer\OpenJDK\bin\jimage.dll
0x00007ffee12e0000 - 0x00007ffee12f8000 	C:\Program Files\Unity\Hub\Editor\2022.3.17f1\Editor\Data\PlaybackEngines\AndroidPlayer\OpenJDK\bin\zip.dll

dbghelp: loaded successfully - version: 4.0.5 - missing functions: none
symbol engine: initialized successfully - sym options: 0x614 - pdb path: .;C:\Program Files\Unity\Hub\Editor\2022.3.17f1\Editor\Data\PlaybackEngines\AndroidPlayer\OpenJDK\bin;C:\Windows\SYSTEM32;C:\Windows\WinSxS\amd64_microsoft.windows.common-controls_6595b64144ccf1df_6.0.19041.3636_none_60b6a03d71f818d5;C:\Program Files\Unity\Hub\Editor\2022.3.17f1\Editor\Data\PlaybackEngines\AndroidPlayer\OpenJDK\bin\server

VM Arguments:
java_command: <unknown>
java_class_path (initial): <not set>
Launcher Type: SUN_STANDARD

[Global flags]
     intx CICompilerCount                          = 2                                         {product} {ergonomic}
     uint ConcGCThreads                            = 1                                         {product} {ergonomic}
     uint G1ConcRefinementThreads                  = 2                                         {product} {ergonomic}
   size_t G1HeapRegionSize                         = 1048576                                   {product} {ergonomic}
    uintx GCDrainStackTargetSize                   = 64                                        {product} {ergonomic}
   size_t InitialHeapSize                          = 167772160                                 {product} {ergonomic}
   size_t MarkStackSize                            = 4194304                                   {product} {ergonomic}
   size_t MaxHeapSize                              = 2654994432                                {product} {ergonomic}
   size_t MinHeapDeltaBytes                        = 1048576                                   {product} {ergonomic}
    uintx NonNMethodCodeHeapSize                   = 5825164                                {pd product} {ergonomic}
    uintx NonProfiledCodeHeapSize                  = 122916538                              {pd product} {ergonomic}
    uintx ProfiledCodeHeapSize                     = 122916538                              {pd product} {ergonomic}
    uintx ReservedCodeCacheSize                    = 251658240                              {pd product} {ergonomic}
     bool SegmentedCodeCache                       = true                                      {product} {ergonomic}
     bool UseCompressedClassPointers               = true                                 {lp64_product} {ergonomic}
     bool UseCompressedOops                        = true                                 {lp64_product} {ergonomic}
     bool UseG1GC                                  = true                                      {product} {ergonomic}
     bool UseLargePagesIndividualAllocation        = false                                  {pd product} {ergonomic}

Logging:
Log output configuration:
 #0: stdout all=warning uptime,level,tags
 #1: stderr all=off uptime,level,tags

Environment Variables:
JAVA_HOME=C:/Program Files/Unity/Hub/Editor/2022.3.17f1/Editor/Data/PlaybackEngines/AndroidPlayer\OpenJDK
PATH=C:\Program Files (x86)\Intel\TXE Components\TCS\;C:\Program Files\Intel\TXE Components\TCS\;C:\Windows\system32;C:\Windows;C:\Windows\System32\Wbem;C:\Windows\System32\WindowsPowerShell\v1.0\;C:\Windows\System32\OpenSSH\;C:\Program Files\dotnet\;C:\Users\37493\AppData\Local\Microsoft\WindowsApps;C:\Users\37493\AppData\Local\Programs\Microsoft VS Code\bin
USERNAME=MESHIK
OS=Windows_NT
PROCESSOR_IDENTIFIER=Intel64 Family 6 Model 58 Stepping 9, GenuineIntel



---------------  S Y S T E M  ---------------

OS: Windows 10 , 64 bit Build 19041 (10.0.19041.3636)
OS uptime: 1 days 3:16 hours

CPU:total 2 (initial active 2) (2 cores per cpu, 2 threads per core) family 6 model 58 stepping 9 microcode 0x21, cmov, cx8, fxsr, mmx, sse, sse2, sse3, ssse3, sse4.1, sse4.2, popcnt, avx, aes, clmul, erms, ht, tsc, tscinvbit, tscinv

Memory: 4k page, system-wide physical 10121M (1797M free)
TotalPageFile size 12021M (AvailPageFile size 31M)
current process WorkingSet (physical memory assigned to process): 9M, peak: 10M
current process commit charge ("private bytes"): 47M, peak: 207M

vm_info: OpenJDK 64-Bit Server VM (11.0.14.1+1) for windows-amd64 JRE (11.0.14.1+1), built on Feb  9 2022 01:48:27 by "" with unknown MS VC++:1916

END.
