#
# There is insufficient memory for the Java Runtime Environment to continue.
# Native memory allocation (malloc) failed to allocate 1048576 bytes for AllocateHeap
# Possible reasons:
#   The system is out of physical RAM or swap space
#   The process is running with CompressedOops enabled, and the Java Heap may be blocking the growth of the native heap
# Possible solutions:
#   Reduce memory load on the system
#   Increase physical memory or swap space
#   Check if swap backing store is full
#   Decrease Java heap size (-Xmx/-Xms)
#   Decrease number of Java threads
#   Decrease Java thread stack sizes (-Xss)
#   Set larger code cache with -XX:ReservedCodeCacheSize=
#   JVM is running with Zero Based Compressed Oops mode in which the Java heap is
#     placed in the first 32GB address space. The Java Heap base address is the
#     maximum limit for the native heap growth. Please use -XX:HeapBaseMinAddress
#     to set the Java Heap base and to place the Java Heap above 32GB virtual address.
# This output file may be truncated or incomplete.
#
#  Out of Memory Error (./src/hotspot/share/memory/allocation.cpp:46), pid=1872, tid=1108
#
# JRE version: OpenJDK Runtime Environment Temurin-11.0.14.1+1 (11.0.14.1+1) (build 11.0.14.1+1)
# Java VM: OpenJDK 64-Bit Server VM Temurin-11.0.14.1+1 (11.0.14.1+1, mixed mode, tiered, compressed oops, g1 gc, windows-amd64)
# No core dump will be written. Minidumps are not enabled by default on client versions of Windows
#

---------------  S U M M A R Y ------------

Command Line: -Dfile.encoding=UTF-8 -Dcom.android.sdklib.toolsdir=C:\Program Files\Unity\Hub\Editor\2022.3.17f1\Editor\Data\PlaybackEngines\AndroidPlayer\SDK\cmdline-tools\6.0\bin\\.. com.android.sdklib.tool.sdkmanager.SdkManagerCli --list

Host: Intel(R) Core(TM) i5-3210M CPU @ 2.50GHz, 2 cores, 9G,  Windows 10 , 64 bit Build 19041 (10.0.19041.3636)
Time: Sun Mar 24 22:50:28 2024 Georgian Standard Time elapsed time: 16.498252 seconds (0d 0h 0m 16s)

---------------  T H R E A D  ---------------

Current thread (0x000001caeab95000):  VMThread "VM Thread" [stack: 0x0000002f08b00000,0x0000002f08c00000] [id=1108]

Stack: [0x0000002f08b00000,0x0000002f08c00000]
[error occurred during error reporting (printing stack bounds), id 0xc0000005, EXCEPTION_ACCESS_VIOLATION (0xc0000005) at pc=0x000001cad3bc112d]

Native frames: (J=compiled Java code, j=interpreted, Vv=VM code, C=native code)
V  [jvm.dll+0x61e59a]
V  [jvm.dll+0x7aaca9]
V  [jvm.dll+0x7ac398]
V  [jvm.dll+0x7ac9d5]
V  [jvm.dll+0x7ac98b]
V  [jvm.dll+0x61d927]
V  [jvm.dll+0x61e038]
C  [ntdll.dll+0xa23af]
C  [ntdll.dll+0x514b4]
C  [ntdll.dll+0xa0ebe]
C  0x000001cad3bc112d

VM_Operation (0x0000002f084fc450): CollectForMetadataAllocation, mode: safepoint, requested by thread 0x000001cacb482800


---------------  P R O C E S S  ---------------

Threads class SMR info:
_java_thread_list=0x000001caeb4db1d0, length=10, elements={
0x000001cacb482800, 0x000001caeabba000, 0x000001caeabbb000, 0x000001caeabd6800,
0x000001caeabd7800, 0x000001caeabdc000, 0x000001caeb422800, 0x000001caeb482000,
0x000001caeb485000, 0x000001caeb537800
}

Java Threads: ( => current thread )
  0x000001cacb482800 JavaThread "main" [_thread_blocked, id=8744, stack(0x0000002f08400000,0x0000002f08500000)]
  0x000001caeabba000 JavaThread "Reference Handler" daemon [_thread_blocked, id=14028, stack(0x0000002f08c00000,0x0000002f08d00000)]
  0x000001caeabbb000 JavaThread "Finalizer" daemon [_thread_blocked, id=4592, stack(0x0000002f08d00000,0x0000002f08e00000)]
  0x000001caeabd6800 JavaThread "Signal Dispatcher" daemon [_thread_blocked, id=960, stack(0x0000002f08e00000,0x0000002f08f00000)]
  0x000001caeabd7800 JavaThread "Attach Listener" daemon [_thread_blocked, id=12352, stack(0x0000002f08f00000,0x0000002f09000000)]
  0x000001caeabdc000 JavaThread "Service Thread" daemon [_thread_blocked, id=7000, stack(0x0000002f09000000,0x0000002f09100000)]
  0x000001caeb422800 JavaThread "C2 CompilerThread0" daemon [_thread_blocked, id=1476, stack(0x0000002f09100000,0x0000002f09200000)]
  0x000001caeb482000 JavaThread "C1 CompilerThread0" daemon [_thread_blocked, id=1064, stack(0x0000002f09200000,0x0000002f09300000)]
  0x000001caeb485000 JavaThread "Sweeper thread" daemon [_thread_blocked, id=12024, stack(0x0000002f09300000,0x0000002f09400000)]
  0x000001caeb537800 JavaThread "Common-Cleaner" daemon [_thread_blocked, id=8156, stack(0x0000002f09500000,0x0000002f09600000)]

Other Threads:
=>0x000001caeab95000 VMThread "VM Thread" [stack: 0x0000002f08b00000,0x0000002f08c00000] [id=1108]
  0x000001caeb532000 WatcherThread [stack: 0x0000002f09400000,0x0000002f09500000] [id=468]
  0x000001cacb49a800 GCTaskThread "GC Thread#0" [stack: 0x0000002f08600000,0x0000002f08700000] [id=6076]
  0x000001caeb9ad800 GCTaskThread "GC Thread#1" [stack: 0x0000002f09600000,0x0000002f09700000] [id=13544]
  0x000001cacb4d7800 ConcurrentGCThread "G1 Main Marker" [stack: 0x0000002f08700000,0x0000002f08800000] [id=7256]
  0x000001cacb4d9800 ConcurrentGCThread "G1 Conc#0" [stack: 0x0000002f08800000,0x0000002f08900000] [id=6400]
  0x000001cacb55e000 ConcurrentGCThread "G1 Refine#0" [stack: 0x0000002f08900000,0x0000002f08a00000] [id=4436]
  0x000001caeaa00800 ConcurrentGCThread "G1 Young RemSet Sampling" [stack: 0x0000002f08a00000,0x0000002f08b00000] [id=13584]

Threads with active compile tasks:

VM state:at safepoint (normal execution)

VM Mutex/Monitor currently owned by a thread:  ([mutex/lock_event])
[0x000001cacb47f200] Threads_lock - owner thread: 0x000001caeab95000
[0x000001cacb480520] Heap_lock - owner thread: 0x000001cacb482800

Heap address: 0x0000000761c00000, size: 2532 MB, Compressed Oops mode: Zero based, Oop shift amount: 3
Narrow klass base: 0x0000000800000000, Narrow klass shift: 0
Compressed class space size: 1073741824 Address: 0x0000000800000000

Heap:
 garbage-first heap   total 163840K, used 6958K [0x0000000761c00000, 0x0000000800000000)
  region size 1024K, 1 young (1024K), 1 survivors (1024K)
 Metaspace       used 21757K, capacity 22054K, committed 22192K, reserved 1077248K
  class space    used 2150K, capacity 2267K, committed 2304K, reserved 1048576K
Heap Regions: E=young(eden), S=young(survivor), O=old, HS=humongous(starts), HC=humongous(continues), CS=collection set, F=free, A=archive, TAMS=top-at-mark-start (previous, next)
|   0|0x0000000761c00000, 0x0000000761d00000, 0x0000000761d00000|100%| O|  |TAMS 0x0000000761c9ae00, 0x0000000761d00000| Untracked 
|   1|0x0000000761d00000, 0x0000000761e00000, 0x0000000761e00000|100%| O|  |TAMS 0x0000000761e00000, 0x0000000761e00000| Untracked 
|   2|0x0000000761e00000, 0x0000000761f00000, 0x0000000761f00000|100%| O|  |TAMS 0x0000000761f00000, 0x0000000761f00000| Untracked 
|   3|0x0000000761f00000, 0x0000000762000000, 0x0000000762000000|100%| O|  |TAMS 0x0000000761f00000, 0x0000000762000000| Untracked 
|   4|0x0000000762000000, 0x0000000762100000, 0x0000000762100000|100%| O|  |TAMS 0x0000000762000000, 0x0000000762100000| Untracked 
|   5|0x0000000762100000, 0x0000000762200000, 0x0000000762200000|100%| O|  |TAMS 0x0000000762100000, 0x0000000762200000| Untracked 
|   6|0x0000000762200000, 0x000000076223f000, 0x0000000762300000| 24%| O|  |TAMS 0x0000000762200000, 0x000000076223f000| Untracked 
|   7|0x0000000762300000, 0x0000000762300000, 0x0000000762400000|  0%| F|  |TAMS 0x0000000762300000, 0x0000000762300000| Untracked 
|   8|0x0000000762400000, 0x0000000762400000, 0x0000000762500000|  0%| F|  |TAMS 0x0000000762400000, 0x0000000762400000| Untracked 
|   9|0x0000000762500000, 0x0000000762500000, 0x0000000762600000|  0%| F|  |TAMS 0x0000000762500000, 0x0000000762500000| Untracked 
|  10|0x0000000762600000, 0x0000000762600000, 0x0000000762700000|  0%| F|  |TAMS 0x0000000762600000, 0x0000000762600000| Untracked 
|  11|0x0000000762700000, 0x0000000762700000, 0x0000000762800000|  0%| F|  |TAMS 0x0000000762700000, 0x0000000762700000| Untracked 
|  12|0x0000000762800000, 0x0000000762800000, 0x0000000762900000|  0%| F|  |TAMS 0x0000000762800000, 0x0000000762800000| Untracked 
|  13|0x0000000762900000, 0x0000000762900000, 0x0000000762a00000|  0%| F|  |TAMS 0x0000000762900000, 0x0000000762900000| Untracked 
|  14|0x0000000762a00000, 0x0000000762a00000, 0x0000000762b00000|  0%| F|  |TAMS 0x0000000762a00000, 0x0000000762a00000| Untracked 
|  15|0x0000000762b00000, 0x0000000762b00000, 0x0000000762c00000|  0%| F|  |TAMS 0x0000000762b00000, 0x0000000762b00000| Untracked 
|  16|0x0000000762c00000, 0x0000000762c00000, 0x0000000762d00000|  0%| F|  |TAMS 0x0000000762c00000, 0x0000000762c00000| Untracked 
|  17|0x0000000762d00000, 0x0000000762d00000, 0x0000000762e00000|  0%| F|  |TAMS 0x0000000762d00000, 0x0000000762d00000| Untracked 
|  18|0x0000000762e00000, 0x0000000762e00000, 0x0000000762f00000|  0%| F|  |TAMS 0x0000000762e00000, 0x0000000762e00000| Untracked 
|  19|0x0000000762f00000, 0x0000000762f00000, 0x0000000763000000|  0%| F|  |TAMS 0x0000000762f00000, 0x0000000762f00000| Untracked 
|  20|0x0000000763000000, 0x0000000763000000, 0x0000000763100000|  0%| F|  |TAMS 0x0000000763000000, 0x0000000763000000| Untracked 
|  21|0x0000000763100000, 0x0000000763100000, 0x0000000763200000|  0%| F|  |TAMS 0x0000000763100000, 0x0000000763100000| Untracked 
|  22|0x0000000763200000, 0x0000000763200000, 0x0000000763300000|  0%| F|  |TAMS 0x0000000763200000, 0x0000000763200000| Untracked 
|  23|0x0000000763300000, 0x0000000763300000, 0x0000000763400000|  0%| F|  |TAMS 0x0000000763300000, 0x0000000763300000| Untracked 
|  24|0x0000000763400000, 0x0000000763400000, 0x0000000763500000|  0%| F|  |TAMS 0x0000000763400000, 0x0000000763400000| Untracked 
|  25|0x0000000763500000, 0x0000000763500000, 0x0000000763600000|  0%| F|  |TAMS 0x0000000763500000, 0x0000000763500000| Untracked 
|  26|0x0000000763600000, 0x0000000763600000, 0x0000000763700000|  0%| F|  |TAMS 0x0000000763600000, 0x0000000763600000| Untracked 
|  27|0x0000000763700000, 0x0000000763700000, 0x0000000763800000|  0%| F|  |TAMS 0x0000000763700000, 0x0000000763700000| Untracked 
|  28|0x0000000763800000, 0x0000000763800000, 0x0000000763900000|  0%| F|  |TAMS 0x0000000763800000, 0x0000000763800000| Untracked 
|  29|0x0000000763900000, 0x0000000763900000, 0x0000000763a00000|  0%| F|  |TAMS 0x0000000763900000, 0x0000000763900000| Untracked 
|  30|0x0000000763a00000, 0x0000000763a00000, 0x0000000763b00000|  0%| F|  |TAMS 0x0000000763a00000, 0x0000000763a00000| Untracked 
|  31|0x0000000763b00000, 0x0000000763b00000, 0x0000000763c00000|  0%| F|  |TAMS 0x0000000763b00000, 0x0000000763b00000| Untracked 
|  32|0x0000000763c00000, 0x0000000763c00000, 0x0000000763d00000|  0%| F|  |TAMS 0x0000000763c00000, 0x0000000763c00000| Untracked 
|  33|0x0000000763d00000, 0x0000000763d00000, 0x0000000763e00000|  0%| F|  |TAMS 0x0000000763d00000, 0x0000000763d00000| Untracked 
|  34|0x0000000763e00000, 0x0000000763e00000, 0x0000000763f00000|  0%| F|  |TAMS 0x0000000763e00000, 0x0000000763e00000| Untracked 
|  35|0x0000000763f00000, 0x0000000763f00000, 0x0000000764000000|  0%| F|  |TAMS 0x0000000763f00000, 0x0000000763f00000| Untracked 
|  36|0x0000000764000000, 0x0000000764000000, 0x0000000764100000|  0%| F|  |TAMS 0x0000000764000000, 0x0000000764000000| Untracked 
|  37|0x0000000764100000, 0x0000000764100000, 0x0000000764200000|  0%| F|  |TAMS 0x0000000764100000, 0x0000000764100000| Untracked 
|  38|0x0000000764200000, 0x0000000764200000, 0x0000000764300000|  0%| F|  |TAMS 0x0000000764200000, 0x0000000764200000| Untracked 
|  39|0x0000000764300000, 0x0000000764300000, 0x0000000764400000|  0%| F|  |TAMS 0x0000000764300000, 0x0000000764300000| Untracked 
|  40|0x0000000764400000, 0x0000000764400000, 0x0000000764500000|  0%| F|  |TAMS 0x0000000764400000, 0x0000000764400000| Untracked 
|  41|0x0000000764500000, 0x0000000764500000, 0x0000000764600000|  0%| F|  |TAMS 0x0000000764500000, 0x0000000764500000| Untracked 
|  42|0x0000000764600000, 0x0000000764600000, 0x0000000764700000|  0%| F|  |TAMS 0x0000000764600000, 0x0000000764600000| Untracked 
|  43|0x0000000764700000, 0x0000000764700000, 0x0000000764800000|  0%| F|  |TAMS 0x0000000764700000, 0x0000000764700000| Untracked 
|  44|0x0000000764800000, 0x0000000764800000, 0x0000000764900000|  0%| F|  |TAMS 0x0000000764800000, 0x0000000764800000| Untracked 
|  45|0x0000000764900000, 0x0000000764900000, 0x0000000764a00000|  0%| F|  |TAMS 0x0000000764900000, 0x0000000764900000| Untracked 
|  46|0x0000000764a00000, 0x0000000764a00000, 0x0000000764b00000|  0%| F|  |TAMS 0x0000000764a00000, 0x0000000764a00000| Untracked 
|  47|0x0000000764b00000, 0x0000000764b00000, 0x0000000764c00000|  0%| F|  |TAMS 0x0000000764b00000, 0x0000000764b00000| Untracked 
|  48|0x0000000764c00000, 0x0000000764c00000, 0x0000000764d00000|  0%| F|  |TAMS 0x0000000764c00000, 0x0000000764c00000| Untracked 
|  49|0x0000000764d00000, 0x0000000764d00000, 0x0000000764e00000|  0%| F|  |TAMS 0x0000000764d00000, 0x0000000764d00000| Untracked 
|  50|0x0000000764e00000, 0x0000000764e00000, 0x0000000764f00000|  0%| F|  |TAMS 0x0000000764e00000, 0x0000000764e00000| Untracked 
|  51|0x0000000764f00000, 0x0000000764f00000, 0x0000000765000000|  0%| F|  |TAMS 0x0000000764f00000, 0x0000000764f00000| Untracked 
|  52|0x0000000765000000, 0x0000000765000000, 0x0000000765100000|  0%| F|  |TAMS 0x0000000765000000, 0x0000000765000000| Untracked 
|  53|0x0000000765100000, 0x0000000765100000, 0x0000000765200000|  0%| F|  |TAMS 0x0000000765100000, 0x0000000765100000| Untracked 
|  54|0x0000000765200000, 0x0000000765200000, 0x0000000765300000|  0%| F|  |TAMS 0x0000000765200000, 0x0000000765200000| Untracked 
|  55|0x0000000765300000, 0x0000000765300000, 0x0000000765400000|  0%| F|  |TAMS 0x0000000765300000, 0x0000000765300000| Untracked 
|  56|0x0000000765400000, 0x0000000765400000, 0x0000000765500000|  0%| F|  |TAMS 0x0000000765400000, 0x0000000765400000| Untracked 
|  57|0x0000000765500000, 0x0000000765500000, 0x0000000765600000|  0%| F|  |TAMS 0x0000000765500000, 0x0000000765500000| Untracked 
|  58|0x0000000765600000, 0x0000000765600000, 0x0000000765700000|  0%| F|  |TAMS 0x0000000765600000, 0x0000000765600000| Untracked 
|  59|0x0000000765700000, 0x0000000765700000, 0x0000000765800000|  0%| F|  |TAMS 0x0000000765700000, 0x0000000765700000| Untracked 
|  60|0x0000000765800000, 0x0000000765800000, 0x0000000765900000|  0%| F|  |TAMS 0x0000000765800000, 0x0000000765800000| Untracked 
|  61|0x0000000765900000, 0x0000000765900000, 0x0000000765a00000|  0%| F|  |TAMS 0x0000000765900000, 0x0000000765900000| Untracked 
|  62|0x0000000765a00000, 0x0000000765a00000, 0x0000000765b00000|  0%| F|  |TAMS 0x0000000765a00000, 0x0000000765a00000| Untracked 
|  63|0x0000000765b00000, 0x0000000765b00000, 0x0000000765c00000|  0%| F|  |TAMS 0x0000000765b00000, 0x0000000765b00000| Untracked 
|  64|0x0000000765c00000, 0x0000000765c00000, 0x0000000765d00000|  0%| F|  |TAMS 0x0000000765c00000, 0x0000000765c00000| Untracked 
|  65|0x0000000765d00000, 0x0000000765d00000, 0x0000000765e00000|  0%| F|  |TAMS 0x0000000765d00000, 0x0000000765d00000| Untracked 
|  66|0x0000000765e00000, 0x0000000765e00000, 0x0000000765f00000|  0%| F|  |TAMS 0x0000000765e00000, 0x0000000765e00000| Untracked 
|  67|0x0000000765f00000, 0x0000000765f00000, 0x0000000766000000|  0%| F|  |TAMS 0x0000000765f00000, 0x0000000765f00000| Untracked 
|  68|0x0000000766000000, 0x0000000766000000, 0x0000000766100000|  0%| F|  |TAMS 0x0000000766000000, 0x0000000766000000| Untracked 
|  69|0x0000000766100000, 0x0000000766100000, 0x0000000766200000|  0%| F|  |TAMS 0x0000000766100000, 0x0000000766100000| Untracked 
|  70|0x0000000766200000, 0x0000000766200000, 0x0000000766300000|  0%| F|  |TAMS 0x0000000766200000, 0x0000000766200000| Untracked 
|  71|0x0000000766300000, 0x0000000766300000, 0x0000000766400000|  0%| F|  |TAMS 0x0000000766300000, 0x0000000766300000| Untracked 
|  72|0x0000000766400000, 0x0000000766400000, 0x0000000766500000|  0%| F|  |TAMS 0x0000000766400000, 0x0000000766400000| Untracked 
|  73|0x0000000766500000, 0x0000000766500000, 0x0000000766600000|  0%| F|  |TAMS 0x0000000766500000, 0x0000000766500000| Untracked 
|  74|0x0000000766600000, 0x0000000766600000, 0x0000000766700000|  0%| F|  |TAMS 0x0000000766600000, 0x0000000766600000| Untracked 
|  75|0x0000000766700000, 0x0000000766700000, 0x0000000766800000|  0%| F|  |TAMS 0x0000000766700000, 0x0000000766700000| Untracked 
|  76|0x0000000766800000, 0x0000000766800000, 0x0000000766900000|  0%| F|  |TAMS 0x0000000766800000, 0x0000000766800000| Untracked 
|  77|0x0000000766900000, 0x0000000766900000, 0x0000000766a00000|  0%| F|  |TAMS 0x0000000766900000, 0x0000000766900000| Untracked 
|  78|0x0000000766a00000, 0x0000000766a00000, 0x0000000766b00000|  0%| F|  |TAMS 0x0000000766a00000, 0x0000000766a00000| Untracked 
|  79|0x0000000766b00000, 0x0000000766b00000, 0x0000000766c00000|  0%| F|  |TAMS 0x0000000766b00000, 0x0000000766b00000| Untracked 
|  80|0x0000000766c00000, 0x0000000766c00000, 0x0000000766d00000|  0%| F|  |TAMS 0x0000000766c00000, 0x0000000766c00000| Untracked 
|  81|0x0000000766d00000, 0x0000000766d00000, 0x0000000766e00000|  0%| F|  |TAMS 0x0000000766d00000, 0x0000000766d00000| Untracked 
|  82|0x0000000766e00000, 0x0000000766e00000, 0x0000000766f00000|  0%| F|  |TAMS 0x0000000766e00000, 0x0000000766e00000| Untracked 
|  83|0x0000000766f00000, 0x0000000766f00000, 0x0000000767000000|  0%| F|  |TAMS 0x0000000766f00000, 0x0000000766f00000| Untracked 
|  84|0x0000000767000000, 0x0000000767000000, 0x0000000767100000|  0%| F|  |TAMS 0x0000000767000000, 0x0000000767000000| Untracked 
|  85|0x0000000767100000, 0x0000000767100000, 0x0000000767200000|  0%| F|  |TAMS 0x0000000767100000, 0x0000000767100000| Untracked 
|  86|0x0000000767200000, 0x0000000767200000, 0x0000000767300000|  0%| F|  |TAMS 0x0000000767200000, 0x0000000767200000| Untracked 
|  87|0x0000000767300000, 0x0000000767300000, 0x0000000767400000|  0%| F|  |TAMS 0x0000000767300000, 0x0000000767300000| Untracked 
|  88|0x0000000767400000, 0x0000000767400000, 0x0000000767500000|  0%| F|  |TAMS 0x0000000767400000, 0x0000000767400000| Untracked 
|  89|0x0000000767500000, 0x0000000767500000, 0x0000000767600000|  0%| F|  |TAMS 0x0000000767500000, 0x0000000767500000| Untracked 
|  90|0x0000000767600000, 0x0000000767600000, 0x0000000767700000|  0%| F|  |TAMS 0x0000000767600000, 0x0000000767600000| Untracked 
|  91|0x0000000767700000, 0x0000000767700000, 0x0000000767800000|  0%| F|  |TAMS 0x0000000767700000, 0x0000000767700000| Untracked 
|  92|0x0000000767800000, 0x0000000767800000, 0x0000000767900000|  0%| F|  |TAMS 0x0000000767800000, 0x0000000767800000| Untracked 
|  93|0x0000000767900000, 0x0000000767900000, 0x0000000767a00000|  0%| F|  |TAMS 0x0000000767900000, 0x0000000767900000| Untracked 
|  94|0x0000000767a00000, 0x0000000767a00000, 0x0000000767b00000|  0%| F|  |TAMS 0x0000000767a00000, 0x0000000767a00000| Untracked 
|  95|0x0000000767b00000, 0x0000000767b00000, 0x0000000767c00000|  0%| F|  |TAMS 0x0000000767b00000, 0x0000000767b00000| Untracked 
|  96|0x0000000767c00000, 0x0000000767c00000, 0x0000000767d00000|  0%| F|  |TAMS 0x0000000767c00000, 0x0000000767c00000| Untracked 
|  97|0x0000000767d00000, 0x0000000767d00000, 0x0000000767e00000|  0%| F|  |TAMS 0x0000000767d00000, 0x0000000767d00000| Untracked 
|  98|0x0000000767e00000, 0x0000000767e00000, 0x0000000767f00000|  0%| F|  |TAMS 0x0000000767e00000, 0x0000000767e00000| Untracked 
|  99|0x0000000767f00000, 0x0000000767f00000, 0x0000000768000000|  0%| F|  |TAMS 0x0000000767f00000, 0x0000000767f00000| Untracked 
| 100|0x0000000768000000, 0x0000000768000000, 0x0000000768100000|  0%| F|  |TAMS 0x0000000768000000, 0x0000000768000000| Untracked 
| 101|0x0000000768100000, 0x0000000768100000, 0x0000000768200000|  0%| F|  |TAMS 0x0000000768100000, 0x0000000768100000| Untracked 
| 102|0x0000000768200000, 0x0000000768200000, 0x0000000768300000|  0%| F|  |TAMS 0x0000000768200000, 0x0000000768200000| Untracked 
| 103|0x0000000768300000, 0x0000000768300000, 0x0000000768400000|  0%| F|  |TAMS 0x0000000768300000, 0x0000000768300000| Untracked 
| 104|0x0000000768400000, 0x0000000768400000, 0x0000000768500000|  0%| F|  |TAMS 0x0000000768400000, 0x0000000768400000| Untracked 
| 105|0x0000000768500000, 0x0000000768500000, 0x0000000768600000|  0%| F|  |TAMS 0x0000000768500000, 0x0000000768500000| Untracked 
| 106|0x0000000768600000, 0x0000000768600000, 0x0000000768700000|  0%| F|  |TAMS 0x0000000768600000, 0x0000000768600000| Untracked 
| 107|0x0000000768700000, 0x0000000768700000, 0x0000000768800000|  0%| F|  |TAMS 0x0000000768700000, 0x0000000768700000| Untracked 
| 108|0x0000000768800000, 0x0000000768800000, 0x0000000768900000|  0%| F|  |TAMS 0x0000000768800000, 0x0000000768800000| Untracked 
| 109|0x0000000768900000, 0x0000000768900000, 0x0000000768a00000|  0%| F|  |TAMS 0x0000000768900000, 0x0000000768900000| Untracked 
| 110|0x0000000768a00000, 0x0000000768a00000, 0x0000000768b00000|  0%| F|  |TAMS 0x0000000768a00000, 0x0000000768a00000| Untracked 
| 111|0x0000000768b00000, 0x0000000768b00000, 0x0000000768c00000|  0%| F|  |TAMS 0x0000000768b00000, 0x0000000768b00000| Untracked 
| 112|0x0000000768c00000, 0x0000000768c00000, 0x0000000768d00000|  0%| F|  |TAMS 0x0000000768c00000, 0x0000000768c00000| Untracked 
| 113|0x0000000768d00000, 0x0000000768d00000, 0x0000000768e00000|  0%| F|  |TAMS 0x0000000768d00000, 0x0000000768d00000| Untracked 
| 114|0x0000000768e00000, 0x0000000768e00000, 0x0000000768f00000|  0%| F|  |TAMS 0x0000000768e00000, 0x0000000768e00000| Untracked 
| 115|0x0000000768f00000, 0x0000000768f00000, 0x0000000769000000|  0%| F|  |TAMS 0x0000000768f00000, 0x0000000768f00000| Untracked 
| 116|0x0000000769000000, 0x0000000769000000, 0x0000000769100000|  0%| F|  |TAMS 0x0000000769000000, 0x0000000769000000| Untracked 
| 117|0x0000000769100000, 0x0000000769100000, 0x0000000769200000|  0%| F|  |TAMS 0x0000000769100000, 0x0000000769100000| Untracked 
| 118|0x0000000769200000, 0x0000000769200000, 0x0000000769300000|  0%| F|  |TAMS 0x0000000769200000, 0x0000000769200000| Untracked 
| 119|0x0000000769300000, 0x0000000769300000, 0x0000000769400000|  0%| F|  |TAMS 0x0000000769300000, 0x0000000769300000| Untracked 
| 120|0x0000000769400000, 0x0000000769400000, 0x0000000769500000|  0%| F|  |TAMS 0x0000000769400000, 0x0000000769400000| Untracked 
| 121|0x0000000769500000, 0x0000000769500000, 0x0000000769600000|  0%| F|  |TAMS 0x0000000769500000, 0x0000000769500000| Untracked 
| 122|0x0000000769600000, 0x0000000769600000, 0x0000000769700000|  0%| F|  |TAMS 0x0000000769600000, 0x0000000769600000| Untracked 
| 123|0x0000000769700000, 0x0000000769700000, 0x0000000769800000|  0%| F|  |TAMS 0x0000000769700000, 0x0000000769700000| Untracked 
| 124|0x0000000769800000, 0x0000000769800000, 0x0000000769900000|  0%| F|  |TAMS 0x0000000769800000, 0x0000000769800000| Untracked 
| 125|0x0000000769900000, 0x0000000769900000, 0x0000000769a00000|  0%| F|  |TAMS 0x0000000769900000, 0x0000000769900000| Untracked 
| 126|0x0000000769a00000, 0x0000000769a00000, 0x0000000769b00000|  0%| F|  |TAMS 0x0000000769a00000, 0x0000000769a00000| Untracked 
| 127|0x0000000769b00000, 0x0000000769b00000, 0x0000000769c00000|  0%| F|  |TAMS 0x0000000769b00000, 0x0000000769b00000| Untracked 
| 128|0x0000000769c00000, 0x0000000769c00000, 0x0000000769d00000|  0%| F|  |TAMS 0x0000000769c00000, 0x0000000769c00000| Untracked 
| 129|0x0000000769d00000, 0x0000000769d00000, 0x0000000769e00000|  0%| F|  |TAMS 0x0000000769d00000, 0x0000000769d00000| Untracked 
| 130|0x0000000769e00000, 0x0000000769e00000, 0x0000000769f00000|  0%| F|  |TAMS 0x0000000769e00000, 0x0000000769e00000| Untracked 
| 131|0x0000000769f00000, 0x0000000769f00000, 0x000000076a000000|  0%| F|  |TAMS 0x0000000769f00000, 0x0000000769f00000| Untracked 
| 132|0x000000076a000000, 0x000000076a000000, 0x000000076a100000|  0%| F|  |TAMS 0x000000076a000000, 0x000000076a000000| Untracked 
| 133|0x000000076a100000, 0x000000076a100000, 0x000000076a200000|  0%| F|  |TAMS 0x000000076a100000, 0x000000076a100000| Untracked 
| 134|0x000000076a200000, 0x000000076a200000, 0x000000076a300000|  0%| F|  |TAMS 0x000000076a200000, 0x000000076a200000| Untracked 
| 135|0x000000076a300000, 0x000000076a300000, 0x000000076a400000|  0%| F|  |TAMS 0x000000076a300000, 0x000000076a300000| Untracked 
| 136|0x000000076a400000, 0x000000076a400000, 0x000000076a500000|  0%| F|  |TAMS 0x000000076a400000, 0x000000076a400000| Untracked 
| 137|0x000000076a500000, 0x000000076a500000, 0x000000076a600000|  0%| F|  |TAMS 0x000000076a500000, 0x000000076a500000| Untracked 
| 138|0x000000076a600000, 0x000000076a600000, 0x000000076a700000|  0%| F|  |TAMS 0x000000076a600000, 0x000000076a600000| Untracked 
| 139|0x000000076a700000, 0x000000076a700000, 0x000000076a800000|  0%| F|  |TAMS 0x000000076a700000, 0x000000076a700000| Untracked 
| 140|0x000000076a800000, 0x000000076a800000, 0x000000076a900000|  0%| F|  |TAMS 0x000000076a800000, 0x000000076a800000| Untracked 
| 141|0x000000076a900000, 0x000000076a900000, 0x000000076aa00000|  0%| F|  |TAMS 0x000000076a900000, 0x000000076a900000| Untracked 
| 142|0x000000076aa00000, 0x000000076aa00000, 0x000000076ab00000|  0%| F|  |TAMS 0x000000076aa00000, 0x000000076aa00000| Untracked 
| 143|0x000000076ab00000, 0x000000076ab00000, 0x000000076ac00000|  0%| F|  |TAMS 0x000000076ab00000, 0x000000076ab00000| Untracked 
| 144|0x000000076ac00000, 0x000000076ac00000, 0x000000076ad00000|  0%| F|  |TAMS 0x000000076ac00000, 0x000000076ac00000| Untracked 
| 145|0x000000076ad00000, 0x000000076ad00000, 0x000000076ae00000|  0%| F|  |TAMS 0x000000076ad00000, 0x000000076ad00000| Untracked 
| 146|0x000000076ae00000, 0x000000076ae00000, 0x000000076af00000|  0%| F|  |TAMS 0x000000076ae00000, 0x000000076ae00000| Untracked 
| 147|0x000000076af00000, 0x000000076af00000, 0x000000076b000000|  0%| F|  |TAMS 0x000000076af00000, 0x000000076af00000| Untracked 
| 148|0x000000076b000000, 0x000000076b000000, 0x000000076b100000|  0%| F|  |TAMS 0x000000076b000000, 0x000000076b000000| Untracked 
| 149|0x000000076b100000, 0x000000076b100000, 0x000000076b200000|  0%| F|  |TAMS 0x000000076b100000, 0x000000076b100000| Untracked 
| 150|0x000000076b200000, 0x000000076b200000, 0x000000076b300000|  0%| F|  |TAMS 0x000000076b200000, 0x000000076b200000| Untracked 
| 151|0x000000076b300000, 0x000000076b300000, 0x000000076b400000|  0%| F|  |TAMS 0x000000076b300000, 0x000000076b300000| Untracked 
| 152|0x000000076b400000, 0x000000076b400000, 0x000000076b500000|  0%| F|  |TAMS 0x000000076b400000, 0x000000076b400000| Untracked 
| 153|0x000000076b500000, 0x000000076b500000, 0x000000076b600000|  0%| F|  |TAMS 0x000000076b500000, 0x000000076b500000| Untracked 
| 154|0x000000076b600000, 0x000000076b600000, 0x000000076b700000|  0%| F|  |TAMS 0x000000076b600000, 0x000000076b600000| Untracked 
| 155|0x000000076b700000, 0x000000076b700000, 0x000000076b800000|  0%| F|  |TAMS 0x000000076b700000, 0x000000076b700000| Untracked 
| 156|0x000000076b800000, 0x000000076b800000, 0x000000076b900000|  0%| F|  |TAMS 0x000000076b800000, 0x000000076b800000| Untracked 
| 157|0x000000076b900000, 0x000000076b98ca30, 0x000000076ba00000| 54%| S|CS|TAMS 0x000000076b900000, 0x000000076b900000| Complete 
| 158|0x000000076ba00000, 0x000000076ba00000, 0x000000076bb00000|  0%| F|  |TAMS 0x000000076ba00000, 0x000000076ba00000| Untracked 
| 159|0x000000076bb00000, 0x000000076bb00000, 0x000000076bc00000|  0%| F|  |TAMS 0x000000076bb00000, 0x000000076bb00000| Untracked 

Card table byte_map: [0x000001cae30c0000,0x000001cae35c0000] _byte_map_base: 0x000001cadf5b2000

Marking Bits (Prev, Next): (CMBitMap*) 0x000001cacb4ccb40, (CMBitMap*) 0x000001cacb4ccb08
 Prev Bits: [0x000001cae6250000, 0x000001cae89e0000)
 Next Bits: [0x000001cae3ac0000, 0x000001cae6250000)

Polling page: 0x000001cac94a0000

Metaspace:

Usage:
  Non-class:     19.32 MB capacity,    19.15 MB (>99%) used,   146.53 KB ( <1%) free+waste,    33.88 KB ( <1%) overhead. 
      Class:      2.21 MB capacity,     2.10 MB ( 95%) used,   101.84 KB (  4%) free+waste,    14.31 KB ( <1%) overhead. 
       Both:     21.54 MB capacity,    21.25 MB ( 99%) used,   248.37 KB (  1%) free+waste,    48.19 KB ( <1%) overhead. 

Virtual space:
  Non-class space:       28.00 MB reserved,      19.42 MB ( 69%) committed 
      Class space:        1.00 GB reserved,       2.25 MB ( <1%) committed 
             Both:        1.03 GB reserved,      21.67 MB (  2%) committed 

Chunk freelists:
   Non-Class:  101.00 KB
       Class:  5.00 KB
        Both:  106.00 KB

MaxMetaspaceSize: 17179869184.00 GB
CompressedClassSpaceSize: 1.00 GB
Initial GC threshold: 20.80 MB
Current GC threshold: 35.20 MB
CDS: off

CodeHeap 'non-profiled nmethods': size=120064Kb used=751Kb max_used=751Kb free=119313Kb
 bounds [0x000001cadb680000, 0x000001cadb8f0000, 0x000001cae2bc0000]
CodeHeap 'profiled nmethods': size=120000Kb used=5022Kb max_used=5022Kb free=114977Kb
 bounds [0x000001cad4150000, 0x000001cad4640000, 0x000001cadb680000]
CodeHeap 'non-nmethods': size=5696Kb used=1193Kb max_used=1206Kb free=4502Kb
 bounds [0x000001cad3bc0000, 0x000001cad3e30000, 0x000001cad4150000]
 total_blobs=2725 nmethods=2268 adapters=369
 compilation: enabled
              stopped_count=0, restarted_count=0
 full_count=0

Compilation events (20 events):
Event: 16.415 Thread 0x000001caeb482000 2259       3       java.security.Provider::getEngineName (49 bytes)
Event: 16.416 Thread 0x000001caeb482000 nmethod 2259 0x000001cad4629b10 code [0x000001cad4629d80, 0x000001cad462a8d8]
Event: 16.431 Thread 0x000001caeb482000 2261       3       java.security.Provider$ServiceKey::equals (55 bytes)
Event: 16.431 Thread 0x000001caeb482000 nmethod 2261 0x000001cad462ac10 code [0x000001cad462ae00, 0x000001cad462b2d8]
Event: 16.433 Thread 0x000001caeb482000 2262       3       sun.security.util.AlgorithmDecomposer::decompose (336 bytes)
Event: 16.435 Thread 0x000001caeb482000 nmethod 2262 0x000001cad462b410 code [0x000001cad462b860, 0x000001cad462db88]
Event: 16.437 Thread 0x000001caeb482000 2263       3       java.util.HashMap::putVal (300 bytes)
Event: 16.438 Thread 0x000001caeb482000 nmethod 2263 0x000001cad462e110 code [0x000001cad462e3e0, 0x000001cad462f658]
Event: 16.440 Thread 0x000001caeb482000 2264       3       java.util.regex.Pattern$SliceI::match (96 bytes)
Event: 16.440 Thread 0x000001caeb482000 nmethod 2264 0x000001cad462fb10 code [0x000001cad462fd20, 0x000001cad4630358]
Event: 16.442 Thread 0x000001caeb422800 2265       4       java.util.TreeMap::getEntry (84 bytes)
Event: 16.443 Thread 0x000001caeb482000 2267       3       sun.security.ssl.SSLAlgorithmDecomposer::decomposes (236 bytes)
Event: 16.446 Thread 0x000001caeb482000 nmethod 2267 0x000001cad4630590 code [0x000001cad4630960, 0x000001cad4632c98]
Event: 16.452 Thread 0x000001caeb422800 nmethod 2265 0x000001cadb73ab90 code [0x000001cadb73ad40, 0x000001cadb73b138]
Event: 16.453 Thread 0x000001caeb422800 2266       4       java.util.TreeSet::contains (11 bytes)
Event: 16.465 Thread 0x000001caeb422800 nmethod 2266 0x000001cadb73b390 code [0x000001cadb73b540, 0x000001cadb73b998]
Event: 16.465 Thread 0x000001caeb482000 2268       3       sun.security.ssl.SSLAlgorithmDecomposer::decomposes (175 bytes)
Event: 16.468 Thread 0x000001caeb482000 nmethod 2268 0x000001cad4633410 code [0x000001cad46337c0, 0x000001cad4635918]
Event: 16.468 Thread 0x000001caeb482000 2269       3       sun.security.ssl.SSLAlgorithmDecomposer::decomposes (81 bytes)
Event: 16.469 Thread 0x000001caeb482000 nmethod 2269 0x000001cad4636010 code [0x000001cad46362e0, 0x000001cad4637598]

GC Heap History (8 events):
Event: 4.165 GC heap before
{Heap before GC invocations=0 (full 0):
 garbage-first heap   total 163840K, used 8192K [0x0000000761c00000, 0x0000000800000000)
  region size 1024K, 8 young (8192K), 0 survivors (0K)
 Metaspace       used 8030K, capacity 8091K, committed 8192K, reserved 1056768K
  class space    used 642K, capacity 676K, committed 768K, reserved 1048576K
}
Event: 4.404 GC heap after
{Heap after GC invocations=1 (full 0):
 garbage-first heap   total 163840K, used 2746K [0x0000000761c00000, 0x0000000800000000)
  region size 1024K, 1 young (1024K), 1 survivors (1024K)
 Metaspace       used 8030K, capacity 8091K, committed 8192K, reserved 1056768K
  class space    used 642K, capacity 676K, committed 768K, reserved 1048576K
}
Event: 6.608 GC heap before
{Heap before GC invocations=1 (full 0):
 garbage-first heap   total 163840K, used 8890K [0x0000000761c00000, 0x0000000800000000)
  region size 1024K, 8 young (8192K), 1 survivors (1024K)
 Metaspace       used 11309K, capacity 11435K, committed 11648K, reserved 1060864K
  class space    used 1038K, capacity 1090K, committed 1152K, reserved 1048576K
}
Event: 6.616 GC heap after
{Heap after GC invocations=2 (full 0):
 garbage-first heap   total 163840K, used 3119K [0x0000000761c00000, 0x0000000800000000)
  region size 1024K, 1 young (1024K), 1 survivors (1024K)
 Metaspace       used 11309K, capacity 11435K, committed 11648K, reserved 1060864K
  class space    used 1038K, capacity 1090K, committed 1152K, reserved 1048576K
}
Event: 15.996 GC heap before
{Heap before GC invocations=2 (full 0):
 garbage-first heap   total 163840K, used 33839K [0x0000000761c00000, 0x0000000800000000)
  region size 1024K, 32 young (32768K), 1 survivors (1024K)
 Metaspace       used 20902K, capacity 21187K, committed 21296K, reserved 1069056K
  class space    used 2045K, capacity 2170K, committed 2176K, reserved 1048576K
}
Event: 16.013 GC heap after
{Heap after GC invocations=3 (full 0):
 garbage-first heap   total 163840K, used 6442K [0x0000000761c00000, 0x0000000800000000)
  region size 1024K, 4 young (4096K), 4 survivors (4096K)
 Metaspace       used 20902K, capacity 21187K, committed 21296K, reserved 1069056K
  class space    used 2045K, capacity 2170K, committed 2176K, reserved 1048576K
}
Event: 16.479 GC heap before
{Heap before GC invocations=4 (full 0):
 garbage-first heap   total 163840K, used 7466K [0x0000000761c00000, 0x0000000800000000)
  region size 1024K, 6 young (6144K), 4 survivors (4096K)
 Metaspace       used 21757K, capacity 22054K, committed 22192K, reserved 1075200K
  class space    used 2150K, capacity 2267K, committed 2304K, reserved 1048576K
}
Event: 16.495 GC heap after
{Heap after GC invocations=5 (full 0):
 garbage-first heap   total 163840K, used 6958K [0x0000000761c00000, 0x0000000800000000)
  region size 1024K, 1 young (1024K), 1 survivors (1024K)
 Metaspace       used 21757K, capacity 22054K, committed 22192K, reserved 1075200K
  class space    used 2150K, capacity 2267K, committed 2304K, reserved 1048576K
}

Deoptimization events (20 events):
Event: 13.177 Thread 0x000001cacb482800 DEOPT PACKING pc=0x000001cadb725074 sp=0x0000002f084fd070
Event: 13.178 Thread 0x000001cacb482800 DEOPT UNPACKING pc=0x000001cad3c0a1af sp=0x0000002f084fd020 mode 2
Event: 13.799 Thread 0x000001cacb482800 DEOPT PACKING pc=0x000001cad45a52b8 sp=0x0000002f084fc790
Event: 13.799 Thread 0x000001cacb482800 DEOPT UNPACKING pc=0x000001cad3c0a95e sp=0x0000002f084fbc10 mode 0
Event: 16.116 Thread 0x000001cacb482800 Uncommon trap: trap_request=0xffffff4d fr.pc=0x000001cadb71f1d4 relative=0x0000000000000f94
Event: 16.116 Thread 0x000001cacb482800 Uncommon trap: reason=unstable_if action=reinterpret pc=0x000001cadb71f1d4 method=java.util.concurrent.ConcurrentHashMap.putVal(Ljava/lang/Object;Ljava/lang/Object;Z)Ljava/lang/Object; @ 148 c2
Event: 16.116 Thread 0x000001cacb482800 DEOPT PACKING pc=0x000001cadb71f1d4 sp=0x0000002f084fe0c0
Event: 16.116 Thread 0x000001cacb482800 DEOPT UNPACKING pc=0x000001cad3c0a1af sp=0x0000002f084fe050 mode 2
Event: 16.316 Thread 0x000001cacb482800 Uncommon trap: trap_request=0xffffff4d fr.pc=0x000001cadb733090 relative=0x0000000000000370
Event: 16.316 Thread 0x000001cacb482800 Uncommon trap: reason=unstable_if action=reinterpret pc=0x000001cadb733090 method=java.io.ByteArrayInputStream.read([BII)I @ 35 c2
Event: 16.316 Thread 0x000001cacb482800 DEOPT PACKING pc=0x000001cadb733090 sp=0x0000002f084fd380
Event: 16.317 Thread 0x000001cacb482800 DEOPT UNPACKING pc=0x000001cad3c0a1af sp=0x0000002f084fd340 mode 2
Event: 16.431 Thread 0x000001cacb482800 Uncommon trap: trap_request=0xffffff4d fr.pc=0x000001cadb6e1e30 relative=0x00000000000006b0
Event: 16.431 Thread 0x000001cacb482800 Uncommon trap: reason=unstable_if action=reinterpret pc=0x000001cadb6e1e30 method=java.util.HashMap.putVal(ILjava/lang/Object;Ljava/lang/Object;ZZ)Ljava/lang/Object; @ 162 c2
Event: 16.431 Thread 0x000001cacb482800 DEOPT PACKING pc=0x000001cadb6e1e30 sp=0x0000002f084fc310
Event: 16.431 Thread 0x000001cacb482800 DEOPT UNPACKING pc=0x000001cad3c0a1af sp=0x0000002f084fc2a0 mode 2
Event: 16.439 Thread 0x000001cacb482800 Uncommon trap: trap_request=0xffffff4d fr.pc=0x000001cadb729edc relative=0x00000000000002fc
Event: 16.439 Thread 0x000001cacb482800 Uncommon trap: reason=unstable_if action=reinterpret pc=0x000001cadb729edc method=java.util.regex.Pattern$SliceI.match(Ljava/util/regex/Matcher;ILjava/lang/CharSequence;)Z @ 29 c2
Event: 16.439 Thread 0x000001cacb482800 DEOPT PACKING pc=0x000001cadb729edc sp=0x0000002f084fde00
Event: 16.439 Thread 0x000001cacb482800 DEOPT UNPACKING pc=0x000001cad3c0a1af sp=0x0000002f084fdd98 mode 2

Classes redefined (0 events):
No events

Internal exceptions (20 events):
Event: 12.092 Thread 0x000001cacb482800 Exception <a 'sun/nio/fs/WindowsException'{0x000000076a6a3220}> (0x000000076a6a3220) thrown at [./src/hotspot/share/prims/jni.cpp, line 616]
Event: 12.092 Thread 0x000001cacb482800 Exception <a 'sun/nio/fs/WindowsException'{0x000000076a6a37d0}> (0x000000076a6a37d0) thrown at [./src/hotspot/share/prims/jni.cpp, line 616]
Event: 12.092 Thread 0x000001cacb482800 Exception <a 'sun/nio/fs/WindowsException'{0x000000076a6a3fd8}> (0x000000076a6a3fd8) thrown at [./src/hotspot/share/prims/jni.cpp, line 616]
Event: 12.093 Thread 0x000001cacb482800 Exception <a 'sun/nio/fs/WindowsException'{0x000000076a6a4cd0}> (0x000000076a6a4cd0) thrown at [./src/hotspot/share/prims/jni.cpp, line 616]
Event: 12.093 Thread 0x000001cacb482800 Exception <a 'sun/nio/fs/WindowsException'{0x000000076a6a50c0}> (0x000000076a6a50c0) thrown at [./src/hotspot/share/prims/jni.cpp, line 616]
Event: 12.093 Thread 0x000001cacb482800 Exception <a 'sun/nio/fs/WindowsException'{0x000000076a6a5960}> (0x000000076a6a5960) thrown at [./src/hotspot/share/prims/jni.cpp, line 616]
Event: 12.093 Thread 0x000001cacb482800 Exception <a 'sun/nio/fs/WindowsException'{0x000000076a6a6110}> (0x000000076a6a6110) thrown at [./src/hotspot/share/prims/jni.cpp, line 616]
Event: 12.093 Thread 0x000001cacb482800 Exception <a 'sun/nio/fs/WindowsException'{0x000000076a6a66a0}> (0x000000076a6a66a0) thrown at [./src/hotspot/share/prims/jni.cpp, line 616]
Event: 12.094 Thread 0x000001cacb482800 Exception <a 'sun/nio/fs/WindowsException'{0x000000076a6a6e80}> (0x000000076a6a6e80) thrown at [./src/hotspot/share/prims/jni.cpp, line 616]
Event: 12.094 Thread 0x000001cacb482800 Exception <a 'sun/nio/fs/WindowsException'{0x000000076a6a7a40}> (0x000000076a6a7a40) thrown at [./src/hotspot/share/prims/jni.cpp, line 616]
Event: 12.094 Thread 0x000001cacb482800 Exception <a 'sun/nio/fs/WindowsException'{0x000000076a6a7e50}> (0x000000076a6a7e50) thrown at [./src/hotspot/share/prims/jni.cpp, line 616]
Event: 12.616 Thread 0x000001cacb482800 Exception <a 'sun/nio/fs/WindowsException'{0x000000076a42e3d0}> (0x000000076a42e3d0) thrown at [./src/hotspot/share/prims/jni.cpp, line 616]
Event: 12.658 Thread 0x000001cacb482800 Exception <a 'java/lang/NoSuchMethodError'{0x000000076a455250}: 'int java.lang.invoke.DirectMethodHandle$Holder.invokeSpecialIFC(java.lang.Object, java.lang.Object, int)'> (0x000000076a455250) thrown at [./src/hotspot/share/interpreter/linkResolver.cpp, line 773]
Event: 12.992 Thread 0x000001cacb482800 Exception <a 'java/lang/NoSuchMethodError'{0x000000076a35e660}: 'java.lang.Object java.lang.invoke.DirectMethodHandle$Holder.invokeStaticInit(java.lang.Object, int, int, int, int)'> (0x000000076a35e660) thrown at [./src/hotspot/share/interpreter/linkResolver.cpp, line 773]
Event: 12.997 Thread 0x000001cacb482800 Exception <a 'sun/nio/fs/WindowsException'{0x000000076a364c58}> (0x000000076a364c58) thrown at [./src/hotspot/share/prims/jni.cpp, line 616]
Event: 13.015 Thread 0x000001cacb482800 Exception <a 'java/lang/NoSuchMethodError'{0x000000076a383c30}: 'int java.lang.invoke.DirectMethodHandle$Holder.invokeStaticInit(java.lang.Object, java.lang.Object, java.lang.Object, java.lang.Object)'> (0x000000076a383c30) thrown at [./src/hotspot/share/interpreter/linkResolver.cpp, line 773]
Event: 13.016 Thread 0x000001cacb482800 Exception <a 'java/lang/IncompatibleClassChangeError'{0x000000076a38cea0}: Found class java.lang.Object, but interface was expected> (0x000000076a38cea0) thrown at [./src/hotspot/share/interpreter/linkResolver.cpp, line 839]
Event: 13.017 Thread 0x000001cacb482800 Exception <a 'java/lang/NoSuchMethodError'{0x000000076a38fcf0}: 'void java.lang.invoke.DirectMethodHandle$Holder.invokeStaticInit(java.lang.Object, java.lang.Object)'> (0x000000076a38fcf0) thrown at [./src/hotspot/share/interpreter/linkResolver.cpp, line 773]
Event: 13.018 Thread 0x000001cacb482800 Exception <a 'java/lang/NoSuchMethodError'{0x000000076a3951c0}: 'int java.lang.invoke.DirectMethodHandle$Holder.invokeStaticInit(java.lang.Object, java.lang.Object)'> (0x000000076a3951c0) thrown at [./src/hotspot/share/interpreter/linkResolver.cpp, line 773]
Event: 15.887 Thread 0x000001cacb482800 Exception <a 'java/lang/NoSuchMethodError'{0x0000000769c4d628}: 'java.lang.Object java.lang.invoke.DirectMethodHandle$Holder.invokeStaticInit(java.lang.Object, java.lang.Object, int, int, int, int)'> (0x0000000769c4d628) thrown at [./src/hotspot/share/interpreter/linkResolver.cpp, line 773]

Events (20 events):
Event: 16.474 loading class sun/security/ssl/ServerNameExtension$CHServerNamesStringizer
Event: 16.475 loading class sun/security/ssl/ServerNameExtension$CHServerNamesStringizer done
Event: 16.475 loading class sun/security/ssl/ServerNameExtension$SHServerNameProducer
Event: 16.476 loading class sun/security/ssl/ServerNameExtension$SHServerNameProducer done
Event: 16.476 loading class sun/security/ssl/ServerNameExtension$SHServerNameConsumer
Event: 16.476 loading class sun/security/ssl/ServerNameExtension$SHServerNameConsumer done
Event: 16.476 loading class sun/security/ssl/ServerNameExtension$SHServerNamesStringizer
Event: 16.476 loading class sun/security/ssl/ServerNameExtension$SHServerNamesStringizer done
Event: 16.476 loading class sun/security/ssl/ServerNameExtension$EEServerNameProducer
Event: 16.476 loading class sun/security/ssl/ServerNameExtension$EEServerNameProducer done
Event: 16.476 loading class sun/security/ssl/ServerNameExtension$EEServerNameConsumer
Event: 16.476 loading class sun/security/ssl/ServerNameExtension$EEServerNameConsumer done
Event: 16.477 loading class sun/security/ssl/MaxFragExtension
Event: 16.477 loading class sun/security/ssl/MaxFragExtension done
Event: 16.477 loading class sun/security/ssl/MaxFragExtension$CHMaxFragmentLengthProducer
Event: 16.477 loading class sun/security/ssl/MaxFragExtension$CHMaxFragmentLengthProducer done
Event: 16.478 loading class sun/security/ssl/MaxFragExtension$CHMaxFragmentLengthConsumer
Event: 16.478 loading class sun/security/ssl/MaxFragExtension$CHMaxFragmentLengthConsumer done
Event: 16.478 loading class sun/security/ssl/MaxFragExtension$SHMaxFragmentLengthProducer
Event: 16.479 Executing VM operation: CollectForMetadataAllocation


Dynamic libraries:
0x00007ff6aed90000 - 0x00007ff6aed9d000 	C:\Program Files\Unity\Hub\Editor\2022.3.17f1\Editor\Data\PlaybackEngines\AndroidPlayer\OpenJDK\bin\java.exe
0x00007ffefd0b0000 - 0x00007ffefd2a8000 	C:\Windows\SYSTEM32\ntdll.dll
0x00007ffefbc80000 - 0x00007ffefbd3d000 	C:\Windows\System32\KERNEL32.DLL
0x00007ffefa8d0000 - 0x00007ffefabc6000 	C:\Windows\System32\KERNELBASE.dll
0x00007ffefaeb0000 - 0x00007ffefafb0000 	C:\Windows\System32\ucrtbase.dll
0x00007ffee8360000 - 0x00007ffee8377000 	C:\Program Files\Unity\Hub\Editor\2022.3.17f1\Editor\Data\PlaybackEngines\AndroidPlayer\OpenJDK\bin\jli.dll
0x00007ffefb270000 - 0x00007ffefb40e000 	C:\Windows\System32\USER32.dll
0x00007ffefae50000 - 0x00007ffefae72000 	C:\Windows\System32\win32u.dll
0x00007ffefbe30000 - 0x00007ffefbe5b000 	C:\Windows\System32\GDI32.dll
0x00007ffefabd0000 - 0x00007ffeface7000 	C:\Windows\System32\gdi32full.dll
0x00007ffefb040000 - 0x00007ffefb0dd000 	C:\Windows\System32\msvcp_win.dll
0x00007ffee5f60000 - 0x00007ffee5f75000 	C:\Program Files\Unity\Hub\Editor\2022.3.17f1\Editor\Data\PlaybackEngines\AndroidPlayer\OpenJDK\bin\VCRUNTIME140.dll
0x00007ffeee580000 - 0x00007ffeee81a000 	C:\Windows\WinSxS\amd64_microsoft.windows.common-controls_6595b64144ccf1df_6.0.19041.3636_none_60b6a03d71f818d5\COMCTL32.dll
0x00007ffefc0c0000 - 0x00007ffefc15e000 	C:\Windows\System32\msvcrt.dll
0x00007ffefb7e0000 - 0x00007ffefb812000 	C:\Windows\System32\IMM32.DLL
0x00007ffeda670000 - 0x00007ffeda70b000 	C:\Program Files\Unity\Hub\Editor\2022.3.17f1\Editor\Data\PlaybackEngines\AndroidPlayer\OpenJDK\bin\msvcp140.dll
0x00007ffe86c30000 - 0x00007ffe877b1000 	C:\Program Files\Unity\Hub\Editor\2022.3.17f1\Editor\Data\PlaybackEngines\AndroidPlayer\OpenJDK\bin\server\jvm.dll
0x00007ffefb9d0000 - 0x00007ffefba80000 	C:\Windows\System32\ADVAPI32.dll
0x00007ffefc960000 - 0x00007ffefca00000 	C:\Windows\System32\sechost.dll
0x00007ffefb0e0000 - 0x00007ffefb205000 	C:\Windows\System32\RPCRT4.dll
0x00007ffefae80000 - 0x00007ffefaea7000 	C:\Windows\System32\bcrypt.dll
0x00007ffefb770000 - 0x00007ffefb778000 	C:\Windows\System32\PSAPI.DLL
0x00007ffeef0a0000 - 0x00007ffeef0a9000 	C:\Windows\SYSTEM32\WSOCK32.dll
0x00007ffefc8d0000 - 0x00007ffefc93b000 	C:\Windows\System32\WS2_32.dll
0x00007ffee53d0000 - 0x00007ffee53f7000 	C:\Windows\SYSTEM32\WINMM.dll
0x00007ffeeb380000 - 0x00007ffeeb38a000 	C:\Windows\SYSTEM32\VERSION.dll
0x00007ffef8530000 - 0x00007ffef8542000 	C:\Windows\SYSTEM32\kernel.appcore.dll
0x00007ffef4270000 - 0x00007ffef4280000 	C:\Program Files\Unity\Hub\Editor\2022.3.17f1\Editor\Data\PlaybackEngines\AndroidPlayer\OpenJDK\bin\verify.dll
0x00007ffeea6b0000 - 0x00007ffeea894000 	C:\Windows\SYSTEM32\DBGHELP.DLL
0x00007ffeea670000 - 0x00007ffeea6a4000 	C:\Windows\SYSTEM32\dbgcore.DLL
0x00007ffefafb0000 - 0x00007ffefb032000 	C:\Windows\System32\bcryptPrimitives.dll
0x00007ffee4a20000 - 0x00007ffee4a48000 	C:\Program Files\Unity\Hub\Editor\2022.3.17f1\Editor\Data\PlaybackEngines\AndroidPlayer\OpenJDK\bin\java.dll
0x00007ffeeb580000 - 0x00007ffeeb58a000 	C:\Program Files\Unity\Hub\Editor\2022.3.17f1\Editor\Data\PlaybackEngines\AndroidPlayer\OpenJDK\bin\jimage.dll
0x00007ffee12e0000 - 0x00007ffee12f8000 	C:\Program Files\Unity\Hub\Editor\2022.3.17f1\Editor\Data\PlaybackEngines\AndroidPlayer\OpenJDK\bin\zip.dll
0x00007ffefc160000 - 0x00007ffefc8cb000 	C:\Windows\System32\SHELL32.dll
0x00007ffef8810000 - 0x00007ffef8fae000 	C:\Windows\SYSTEM32\windows.storage.dll
0x00007ffefb410000 - 0x00007ffefb763000 	C:\Windows\System32\combase.dll
0x00007ffefa0c0000 - 0x00007ffefa0ee000 	C:\Windows\SYSTEM32\Wldp.dll
0x00007ffefbe60000 - 0x00007ffefbf2d000 	C:\Windows\System32\OLEAUT32.dll
0x00007ffefbbc0000 - 0x00007ffefbc6d000 	C:\Windows\System32\SHCORE.dll
0x00007ffefbd40000 - 0x00007ffefbd95000 	C:\Windows\System32\shlwapi.dll
0x00007ffefa690000 - 0x00007ffefa6b5000 	C:\Windows\SYSTEM32\profapi.dll
0x00007ffee12c0000 - 0x00007ffee12d9000 	C:\Program Files\Unity\Hub\Editor\2022.3.17f1\Editor\Data\PlaybackEngines\AndroidPlayer\OpenJDK\bin\net.dll
0x00007ffef2050000 - 0x00007ffef215a000 	C:\Windows\SYSTEM32\WINHTTP.dll
0x00007ffef9e20000 - 0x00007ffef9e8a000 	C:\Windows\system32\mswsock.dll
0x00007ffedf630000 - 0x00007ffedf643000 	C:\Program Files\Unity\Hub\Editor\2022.3.17f1\Editor\Data\PlaybackEngines\AndroidPlayer\OpenJDK\bin\nio.dll
0x00007ffef0cf0000 - 0x00007ffef0d15000 	C:\Program Files\Unity\Hub\Editor\2022.3.17f1\Editor\Data\PlaybackEngines\AndroidPlayer\OpenJDK\bin\sunec.dll
0x00007ffefa010000 - 0x00007ffefa028000 	C:\Windows\SYSTEM32\CRYPTSP.dll
0x00007ffef9750000 - 0x00007ffef9784000 	C:\Windows\system32\rsaenh.dll
0x00007ffefa650000 - 0x00007ffefa67e000 	C:\Windows\SYSTEM32\USERENV.dll
0x00007ffefa030000 - 0x00007ffefa03c000 	C:\Windows\SYSTEM32\CRYPTBASE.dll
0x00007ffef9b10000 - 0x00007ffef9b4b000 	C:\Windows\SYSTEM32\IPHLPAPI.DLL
0x00007ffefbbb0000 - 0x00007ffefbbb8000 	C:\Windows\System32\NSI.dll
0x00007ffef2420000 - 0x00007ffef2437000 	C:\Windows\SYSTEM32\dhcpcsvc6.DLL
0x00007ffef3f20000 - 0x00007ffef3f3d000 	C:\Windows\SYSTEM32\dhcpcsvc.DLL
0x00007ffef9b50000 - 0x00007ffef9c1b000 	C:\Windows\SYSTEM32\DNSAPI.dll
0x00007ffee8fa0000 - 0x00007ffee8faa000 	C:\Windows\System32\rasadhlp.dll
0x00007ffeec430000 - 0x00007ffeec4b0000 	C:\Windows\System32\fwpuclnt.dll
0x00007ffedc220000 - 0x00007ffedc22e000 	C:\Program Files\Unity\Hub\Editor\2022.3.17f1\Editor\Data\PlaybackEngines\AndroidPlayer\OpenJDK\bin\sunmscapi.dll
0x00007ffefacf0000 - 0x00007ffefae4d000 	C:\Windows\System32\CRYPT32.dll
0x00007ffefa130000 - 0x00007ffefa158000 	C:\Windows\SYSTEM32\ncrypt.dll
0x00007ffefa0f0000 - 0x00007ffefa12b000 	C:\Windows\SYSTEM32\NTASN1.dll

dbghelp: loaded successfully - version: 4.0.5 - missing functions: none
symbol engine: initialized successfully - sym options: 0x614 - pdb path: .;C:\Program Files\Unity\Hub\Editor\2022.3.17f1\Editor\Data\PlaybackEngines\AndroidPlayer\OpenJDK\bin;C:\Windows\SYSTEM32;C:\Windows\WinSxS\amd64_microsoft.windows.common-controls_6595b64144ccf1df_6.0.19041.3636_none_60b6a03d71f818d5;C:\Program Files\Unity\Hub\Editor\2022.3.17f1\Editor\Data\PlaybackEngines\AndroidPlayer\OpenJDK\bin\server

VM Arguments:
jvm_args: -Dfile.encoding=UTF-8 -Dcom.android.sdklib.toolsdir=C:\Program Files\Unity\Hub\Editor\2022.3.17f1\Editor\Data\PlaybackEngines\AndroidPlayer\SDK\cmdline-tools\6.0\bin\\.. 
java_command: com.android.sdklib.tool.sdkmanager.SdkManagerCli --list
java_class_path (initial): C:\Program Files\Unity\Hub\Editor\2022.3.17f1\Editor\Data\PlaybackEngines\AndroidPlayer\SDK\cmdline-tools\6.0\bin\..\lib\sdkmanager-classpath.jar
Launcher Type: SUN_STANDARD

[Global flags]
     intx CICompilerCount                          = 2                                         {product} {ergonomic}
     uint ConcGCThreads                            = 1                                         {product} {ergonomic}
     uint G1ConcRefinementThreads                  = 2                                         {product} {ergonomic}
   size_t G1HeapRegionSize                         = 1048576                                   {product} {ergonomic}
    uintx GCDrainStackTargetSize                   = 64                                        {product} {ergonomic}
   size_t InitialHeapSize                          = 167772160                                 {product} {ergonomic}
   size_t MarkStackSize                            = 4194304                                   {product} {ergonomic}
   size_t MaxHeapSize                              = 2654994432                                {product} {ergonomic}
   size_t MaxNewSize                               = 1592786944                                {product} {ergonomic}
   size_t MinHeapDeltaBytes                        = 1048576                                   {product} {ergonomic}
    uintx NonNMethodCodeHeapSize                   = 5825164                                {pd product} {ergonomic}
    uintx NonProfiledCodeHeapSize                  = 122916538                              {pd product} {ergonomic}
    uintx ProfiledCodeHeapSize                     = 122916538                              {pd product} {ergonomic}
    uintx ReservedCodeCacheSize                    = 251658240                              {pd product} {ergonomic}
     bool SegmentedCodeCache                       = true                                      {product} {ergonomic}
     bool UseCompressedClassPointers               = true                                 {lp64_product} {ergonomic}
     bool UseCompressedOops                        = true                                 {lp64_product} {ergonomic}
     bool UseG1GC                                  = true                                      {product} {ergonomic}
     bool UseLargePagesIndividualAllocation        = false                                  {pd product} {ergonomic}

Logging:
Log output configuration:
 #0: stdout all=warning uptime,level,tags
 #1: stderr all=off uptime,level,tags

Environment Variables:
JAVA_HOME=C:\Program Files\Unity\Hub\Editor\2022.3.17f1\Editor\Data\PlaybackEngines\AndroidPlayer\OpenJDK
JAVA_TOOL_OPTIONS=-Dfile.encoding=UTF-8
CLASSPATH=C:\Program Files\Unity\Hub\Editor\2022.3.17f1\Editor\Data\PlaybackEngines\AndroidPlayer\SDK\cmdline-tools\6.0\bin\..\lib\sdkmanager-classpath.jar
PATH=C:\Program Files (x86)\Intel\TXE Components\TCS\;C:\Program Files\Intel\TXE Components\TCS\;C:\Windows\system32;C:\Windows;C:\Windows\System32\Wbem;C:\Windows\System32\WindowsPowerShell\v1.0\;C:\Windows\System32\OpenSSH\;C:\Program Files\dotnet\;C:\Users\37493\AppData\Local\Microsoft\WindowsApps;C:\Users\37493\AppData\Local\Programs\Microsoft VS Code\bin
USERNAME=MESHIK
OS=Windows_NT
PROCESSOR_IDENTIFIER=Intel64 Family 6 Model 58 Stepping 9, GenuineIntel



---------------  S Y S T E M  ---------------

OS: Windows 10 , 64 bit Build 19041 (10.0.19041.3636)
OS uptime: 1 days 4:03 hours

CPU:total 2 (initial active 2) (2 cores per cpu, 2 threads per core) family 6 model 58 stepping 9 microcode 0x21, cmov, cx8, fxsr, mmx, sse, sse2, sse3, ssse3, sse4.1, sse4.2, popcnt, avx, aes, clmul, erms, ht, tsc, tscinvbit, tscinv

Memory: 4k page, system-wide physical 10121M (1494M free)
TotalPageFile size 12021M (AvailPageFile size 4M)
current process WorkingSet (physical memory assigned to process): 107M, peak: 107M
current process commit charge ("private bytes"): 252M, peak: 254M

vm_info: OpenJDK 64-Bit Server VM (11.0.14.1+1) for windows-amd64 JRE (11.0.14.1+1), built on Feb  9 2022 01:48:27 by "" with unknown MS VC++:1916

END.
