#
# There is insufficient memory for the Java Runtime Environment to continue.
# Native memory allocation (malloc) failed to allocate 432496 bytes for Chunk::new
# Possible reasons:
#   The system is out of physical RAM or swap space
#   The process is running with CompressedOops enabled, and the Java Heap may be blocking the growth of the native heap
# Possible solutions:
#   Reduce memory load on the system
#   Increase physical memory or swap space
#   Check if swap backing store is full
#   Decrease Java heap size (-Xmx/-Xms)
#   Decrease number of Java threads
#   Decrease Java thread stack sizes (-Xss)
#   Set larger code cache with -XX:ReservedCodeCacheSize=
#   JVM is running with Zero Based Compressed Oops mode in which the Java heap is
#     placed in the first 32GB address space. The Java Heap base address is the
#     maximum limit for the native heap growth. Please use -XX:HeapBaseMinAddress
#     to set the Java Heap base and to place the Java Heap above 32GB virtual address.
# This output file may be truncated or incomplete.
#
#  Out of Memory Error (./src/hotspot/share/memory/arena.cpp:197), pid=14216, tid=11316
#
# JRE version: OpenJDK Runtime Environment Temurin-11.0.14.1+1 (11.0.14.1+1) (build 11.0.14.1+1)
# Java VM: OpenJDK 64-Bit Server VM Temurin-11.0.14.1+1 (11.0.14.1+1, mixed mode, tiered, compressed oops, g1 gc, windows-amd64)
# No core dump will be written. Minidumps are not enabled by default on client versions of Windows
#

---------------  S U M M A R Y ------------

Command Line: -Dfile.encoding=UTF-8 org.gradle.launcher.GradleMain -Dorg.gradle.jvmargs=-Xmx4096m --stop

Host: Intel(R) Core(TM) i5-3210M CPU @ 2.50GHz, 2 cores, 9G,  Windows 10 , 64 bit Build 19041 (10.0.19041.3636)
Time: Sun Mar 24 22:52:10 2024 Georgian Standard Time elapsed time: 2.996947 seconds (0d 0h 0m 2s)

---------------  T H R E A D  ---------------

Current thread (0x0000013c623c4800):  JavaThread "C2 CompilerThread0" daemon [_thread_in_native, id=11316, stack(0x000000318a800000,0x000000318a900000)]


Current CompileTask:
C2:   2997 1298 %     4       java.util.zip.ZipFile$Source::initCEN @ 228 (697 bytes)

Stack: [0x000000318a800000,0x000000318a900000]
Native frames: (J=compiled Java code, j=interpreted, Vv=VM code, C=native code)
V  [jvm.dll+0x61e59a]
V  [jvm.dll+0x7aaca9]
V  [jvm.dll+0x7ac398]
V  [jvm.dll+0x7aca73]
V  [jvm.dll+0x24f9b8]
V  [jvm.dll+0xc260c]
V  [jvm.dll+0xc2bcc]
V  [jvm.dll+0x359a07]
V  [jvm.dll+0x325b93]
V  [jvm.dll+0x324eca]
V  [jvm.dll+0x208c05]
V  [jvm.dll+0x207ded]
V  [jvm.dll+0x18a2c1]
V  [jvm.dll+0x217734]
V  [jvm.dll+0x21597b]
V  [jvm.dll+0x76d7c0]
V  [jvm.dll+0x766724]
V  [jvm.dll+0x61d3f6]
C  [ucrtbase.dll+0x21bb2]
C  [KERNEL32.DLL+0x17344]
C  [ntdll.dll+0x526b1]


---------------  P R O C E S S  ---------------

Threads class SMR info:
_java_thread_list=0x0000013c6311de60, length=11, elements={
0x0000013c42420800, 0x0000013c61b6a000, 0x0000013c61b61800, 0x0000013c61b74000,
0x0000013c61b75000, 0x0000013c61b76800, 0x0000013c623c4800, 0x0000013c623ca000,
0x0000013c623d7000, 0x0000013c62535800, 0x0000013c63187800
}

Java Threads: ( => current thread )
  0x0000013c42420800 JavaThread "main" [_thread_in_native, id=9996, stack(0x0000003189c00000,0x0000003189d00000)]
  0x0000013c61b6a000 JavaThread "Reference Handler" daemon [_thread_blocked, id=6456, stack(0x000000318a300000,0x000000318a400000)]
  0x0000013c61b61800 JavaThread "Finalizer" daemon [_thread_blocked, id=8656, stack(0x000000318a400000,0x000000318a500000)]
  0x0000013c61b74000 JavaThread "Signal Dispatcher" daemon [_thread_blocked, id=12764, stack(0x000000318a500000,0x000000318a600000)]
  0x0000013c61b75000 JavaThread "Attach Listener" daemon [_thread_blocked, id=13664, stack(0x000000318a600000,0x000000318a700000)]
  0x0000013c61b76800 JavaThread "Service Thread" daemon [_thread_blocked, id=7296, stack(0x000000318a700000,0x000000318a800000)]
=>0x0000013c623c4800 JavaThread "C2 CompilerThread0" daemon [_thread_in_native, id=11316, stack(0x000000318a800000,0x000000318a900000)]
  0x0000013c623ca000 JavaThread "C1 CompilerThread0" daemon [_thread_blocked, id=10324, stack(0x000000318a900000,0x000000318aa00000)]
  0x0000013c623d7000 JavaThread "Sweeper thread" daemon [_thread_blocked, id=15188, stack(0x000000318aa00000,0x000000318ab00000)]
  0x0000013c62535800 JavaThread "Common-Cleaner" daemon [_thread_blocked, id=7944, stack(0x000000318ac00000,0x000000318ad00000)]
  0x0000013c63187800 JavaThread "pool-1-thread-1" [_thread_blocked, id=12100, stack(0x000000318ae00000,0x000000318af00000)]

Other Threads:
  0x0000013c61b36800 VMThread "VM Thread" [stack: 0x000000318a200000,0x000000318a300000] [id=10780]
  0x0000013c62528800 WatcherThread [stack: 0x000000318ab00000,0x000000318ac00000] [id=3756]
  0x0000013c42439800 GCTaskThread "GC Thread#0" [stack: 0x0000003189d00000,0x0000003189e00000] [id=8420]
  0x0000013c62620000 GCTaskThread "GC Thread#1" [stack: 0x000000318ad00000,0x000000318ae00000] [id=14540]
  0x0000013c42476800 ConcurrentGCThread "G1 Main Marker" [stack: 0x0000003189e00000,0x0000003189f00000] [id=7424]
  0x0000013c42479000 ConcurrentGCThread "G1 Conc#0" [stack: 0x0000003189f00000,0x000000318a000000] [id=7992]
  0x0000013c424fc800 ConcurrentGCThread "G1 Refine#0" [stack: 0x000000318a000000,0x000000318a100000] [id=5560]
  0x0000013c424fe800 ConcurrentGCThread "G1 Young RemSet Sampling" [stack: 0x000000318a100000,0x000000318a200000] [id=15276]

Threads with active compile tasks:
C2 CompilerThread0   3037 1298 %     4       java.util.zip.ZipFile$Source::initCEN @ 228 (697 bytes)

VM state:not at safepoint (normal execution)

VM Mutex/Monitor currently owned by a thread: None

Heap address: 0x0000000761c00000, size: 2532 MB, Compressed Oops mode: Zero based, Oop shift amount: 3
Narrow klass base: 0x0000000800000000, Narrow klass shift: 0
Compressed class space size: 1073741824 Address: 0x0000000800000000

Heap:
 garbage-first heap   total 163840K, used 15443K [0x0000000761c00000, 0x0000000800000000)
  region size 1024K, 6 young (6144K), 1 survivors (1024K)
 Metaspace       used 12895K, capacity 13139K, committed 13312K, reserved 1060864K
  class space    used 1429K, capacity 1532K, committed 1536K, reserved 1048576K
Heap Regions: E=young(eden), S=young(survivor), O=old, HS=humongous(starts), HC=humongous(continues), CS=collection set, F=free, A=archive, TAMS=top-at-mark-start (previous, next)
|   0|0x0000000761c00000, 0x0000000761d00000, 0x0000000761d00000|100%| O|  |TAMS 0x0000000761c00000, 0x0000000761c00000| Untracked 
|   1|0x0000000761d00000, 0x0000000761e00000, 0x0000000761e00000|100%| O|  |TAMS 0x0000000761d00000, 0x0000000761d00000| Untracked 
|   2|0x0000000761e00000, 0x0000000761f00000, 0x0000000761f00000|100%| O|  |TAMS 0x0000000761e00000, 0x0000000761e00000| Untracked 
|   3|0x0000000761f00000, 0x0000000762000000, 0x0000000762000000|100%| O|  |TAMS 0x0000000761f00000, 0x0000000761f00000| Untracked 
|   4|0x0000000762000000, 0x0000000762100000, 0x0000000762100000|100%|HS|  |TAMS 0x0000000762000000, 0x0000000762000000| Complete 
|   5|0x0000000762100000, 0x0000000762200000, 0x0000000762200000|100%|HC|  |TAMS 0x0000000762100000, 0x0000000762100000| Complete 
|   6|0x0000000762200000, 0x0000000762300000, 0x0000000762300000|100%|HC|  |TAMS 0x0000000762200000, 0x0000000762200000| Complete 
|   7|0x0000000762300000, 0x0000000762400000, 0x0000000762400000|100%| O|  |TAMS 0x0000000762300000, 0x0000000762300000| Untracked 
|   8|0x0000000762400000, 0x0000000762500000, 0x0000000762500000|100%| O|  |TAMS 0x0000000762400000, 0x0000000762400000| Untracked 
|   9|0x0000000762500000, 0x000000076257ce00, 0x0000000762600000| 48%| O|  |TAMS 0x0000000762500000, 0x0000000762500000| Untracked 
|  10|0x0000000762600000, 0x0000000762700000, 0x0000000762700000|100%|HS|  |TAMS 0x0000000762600000, 0x0000000762600000| Complete 
|  11|0x0000000762700000, 0x0000000762700000, 0x0000000762800000|  0%| F|  |TAMS 0x0000000762700000, 0x0000000762700000| Untracked 
|  12|0x0000000762800000, 0x0000000762800000, 0x0000000762900000|  0%| F|  |TAMS 0x0000000762800000, 0x0000000762800000| Untracked 
|  13|0x0000000762900000, 0x0000000762900000, 0x0000000762a00000|  0%| F|  |TAMS 0x0000000762900000, 0x0000000762900000| Untracked 
|  14|0x0000000762a00000, 0x0000000762a00000, 0x0000000762b00000|  0%| F|  |TAMS 0x0000000762a00000, 0x0000000762a00000| Untracked 
|  15|0x0000000762b00000, 0x0000000762b00000, 0x0000000762c00000|  0%| F|  |TAMS 0x0000000762b00000, 0x0000000762b00000| Untracked 
|  16|0x0000000762c00000, 0x0000000762c00000, 0x0000000762d00000|  0%| F|  |TAMS 0x0000000762c00000, 0x0000000762c00000| Untracked 
|  17|0x0000000762d00000, 0x0000000762d00000, 0x0000000762e00000|  0%| F|  |TAMS 0x0000000762d00000, 0x0000000762d00000| Untracked 
|  18|0x0000000762e00000, 0x0000000762e00000, 0x0000000762f00000|  0%| F|  |TAMS 0x0000000762e00000, 0x0000000762e00000| Untracked 
|  19|0x0000000762f00000, 0x0000000762f00000, 0x0000000763000000|  0%| F|  |TAMS 0x0000000762f00000, 0x0000000762f00000| Untracked 
|  20|0x0000000763000000, 0x0000000763000000, 0x0000000763100000|  0%| F|  |TAMS 0x0000000763000000, 0x0000000763000000| Untracked 
|  21|0x0000000763100000, 0x0000000763100000, 0x0000000763200000|  0%| F|  |TAMS 0x0000000763100000, 0x0000000763100000| Untracked 
|  22|0x0000000763200000, 0x0000000763200000, 0x0000000763300000|  0%| F|  |TAMS 0x0000000763200000, 0x0000000763200000| Untracked 
|  23|0x0000000763300000, 0x0000000763300000, 0x0000000763400000|  0%| F|  |TAMS 0x0000000763300000, 0x0000000763300000| Untracked 
|  24|0x0000000763400000, 0x0000000763400000, 0x0000000763500000|  0%| F|  |TAMS 0x0000000763400000, 0x0000000763400000| Untracked 
|  25|0x0000000763500000, 0x0000000763500000, 0x0000000763600000|  0%| F|  |TAMS 0x0000000763500000, 0x0000000763500000| Untracked 
|  26|0x0000000763600000, 0x0000000763600000, 0x0000000763700000|  0%| F|  |TAMS 0x0000000763600000, 0x0000000763600000| Untracked 
|  27|0x0000000763700000, 0x0000000763700000, 0x0000000763800000|  0%| F|  |TAMS 0x0000000763700000, 0x0000000763700000| Untracked 
|  28|0x0000000763800000, 0x0000000763800000, 0x0000000763900000|  0%| F|  |TAMS 0x0000000763800000, 0x0000000763800000| Untracked 
|  29|0x0000000763900000, 0x0000000763900000, 0x0000000763a00000|  0%| F|  |TAMS 0x0000000763900000, 0x0000000763900000| Untracked 
|  30|0x0000000763a00000, 0x0000000763a00000, 0x0000000763b00000|  0%| F|  |TAMS 0x0000000763a00000, 0x0000000763a00000| Untracked 
|  31|0x0000000763b00000, 0x0000000763b00000, 0x0000000763c00000|  0%| F|  |TAMS 0x0000000763b00000, 0x0000000763b00000| Untracked 
|  32|0x0000000763c00000, 0x0000000763c00000, 0x0000000763d00000|  0%| F|  |TAMS 0x0000000763c00000, 0x0000000763c00000| Untracked 
|  33|0x0000000763d00000, 0x0000000763d00000, 0x0000000763e00000|  0%| F|  |TAMS 0x0000000763d00000, 0x0000000763d00000| Untracked 
|  34|0x0000000763e00000, 0x0000000763e00000, 0x0000000763f00000|  0%| F|  |TAMS 0x0000000763e00000, 0x0000000763e00000| Untracked 
|  35|0x0000000763f00000, 0x0000000763f00000, 0x0000000764000000|  0%| F|  |TAMS 0x0000000763f00000, 0x0000000763f00000| Untracked 
|  36|0x0000000764000000, 0x0000000764000000, 0x0000000764100000|  0%| F|  |TAMS 0x0000000764000000, 0x0000000764000000| Untracked 
|  37|0x0000000764100000, 0x0000000764100000, 0x0000000764200000|  0%| F|  |TAMS 0x0000000764100000, 0x0000000764100000| Untracked 
|  38|0x0000000764200000, 0x0000000764200000, 0x0000000764300000|  0%| F|  |TAMS 0x0000000764200000, 0x0000000764200000| Untracked 
|  39|0x0000000764300000, 0x0000000764300000, 0x0000000764400000|  0%| F|  |TAMS 0x0000000764300000, 0x0000000764300000| Untracked 
|  40|0x0000000764400000, 0x0000000764400000, 0x0000000764500000|  0%| F|  |TAMS 0x0000000764400000, 0x0000000764400000| Untracked 
|  41|0x0000000764500000, 0x0000000764500000, 0x0000000764600000|  0%| F|  |TAMS 0x0000000764500000, 0x0000000764500000| Untracked 
|  42|0x0000000764600000, 0x0000000764600000, 0x0000000764700000|  0%| F|  |TAMS 0x0000000764600000, 0x0000000764600000| Untracked 
|  43|0x0000000764700000, 0x0000000764700000, 0x0000000764800000|  0%| F|  |TAMS 0x0000000764700000, 0x0000000764700000| Untracked 
|  44|0x0000000764800000, 0x0000000764800000, 0x0000000764900000|  0%| F|  |TAMS 0x0000000764800000, 0x0000000764800000| Untracked 
|  45|0x0000000764900000, 0x0000000764900000, 0x0000000764a00000|  0%| F|  |TAMS 0x0000000764900000, 0x0000000764900000| Untracked 
|  46|0x0000000764a00000, 0x0000000764a00000, 0x0000000764b00000|  0%| F|  |TAMS 0x0000000764a00000, 0x0000000764a00000| Untracked 
|  47|0x0000000764b00000, 0x0000000764b00000, 0x0000000764c00000|  0%| F|  |TAMS 0x0000000764b00000, 0x0000000764b00000| Untracked 
|  48|0x0000000764c00000, 0x0000000764c00000, 0x0000000764d00000|  0%| F|  |TAMS 0x0000000764c00000, 0x0000000764c00000| Untracked 
|  49|0x0000000764d00000, 0x0000000764d00000, 0x0000000764e00000|  0%| F|  |TAMS 0x0000000764d00000, 0x0000000764d00000| Untracked 
|  50|0x0000000764e00000, 0x0000000764e00000, 0x0000000764f00000|  0%| F|  |TAMS 0x0000000764e00000, 0x0000000764e00000| Untracked 
|  51|0x0000000764f00000, 0x0000000764f00000, 0x0000000765000000|  0%| F|  |TAMS 0x0000000764f00000, 0x0000000764f00000| Untracked 
|  52|0x0000000765000000, 0x0000000765000000, 0x0000000765100000|  0%| F|  |TAMS 0x0000000765000000, 0x0000000765000000| Untracked 
|  53|0x0000000765100000, 0x0000000765100000, 0x0000000765200000|  0%| F|  |TAMS 0x0000000765100000, 0x0000000765100000| Untracked 
|  54|0x0000000765200000, 0x0000000765200000, 0x0000000765300000|  0%| F|  |TAMS 0x0000000765200000, 0x0000000765200000| Untracked 
|  55|0x0000000765300000, 0x0000000765300000, 0x0000000765400000|  0%| F|  |TAMS 0x0000000765300000, 0x0000000765300000| Untracked 
|  56|0x0000000765400000, 0x0000000765400000, 0x0000000765500000|  0%| F|  |TAMS 0x0000000765400000, 0x0000000765400000| Untracked 
|  57|0x0000000765500000, 0x0000000765500000, 0x0000000765600000|  0%| F|  |TAMS 0x0000000765500000, 0x0000000765500000| Untracked 
|  58|0x0000000765600000, 0x0000000765600000, 0x0000000765700000|  0%| F|  |TAMS 0x0000000765600000, 0x0000000765600000| Untracked 
|  59|0x0000000765700000, 0x0000000765700000, 0x0000000765800000|  0%| F|  |TAMS 0x0000000765700000, 0x0000000765700000| Untracked 
|  60|0x0000000765800000, 0x0000000765800000, 0x0000000765900000|  0%| F|  |TAMS 0x0000000765800000, 0x0000000765800000| Untracked 
|  61|0x0000000765900000, 0x0000000765900000, 0x0000000765a00000|  0%| F|  |TAMS 0x0000000765900000, 0x0000000765900000| Untracked 
|  62|0x0000000765a00000, 0x0000000765a00000, 0x0000000765b00000|  0%| F|  |TAMS 0x0000000765a00000, 0x0000000765a00000| Untracked 
|  63|0x0000000765b00000, 0x0000000765b00000, 0x0000000765c00000|  0%| F|  |TAMS 0x0000000765b00000, 0x0000000765b00000| Untracked 
|  64|0x0000000765c00000, 0x0000000765c00000, 0x0000000765d00000|  0%| F|  |TAMS 0x0000000765c00000, 0x0000000765c00000| Untracked 
|  65|0x0000000765d00000, 0x0000000765d00000, 0x0000000765e00000|  0%| F|  |TAMS 0x0000000765d00000, 0x0000000765d00000| Untracked 
|  66|0x0000000765e00000, 0x0000000765e00000, 0x0000000765f00000|  0%| F|  |TAMS 0x0000000765e00000, 0x0000000765e00000| Untracked 
|  67|0x0000000765f00000, 0x0000000765f00000, 0x0000000766000000|  0%| F|  |TAMS 0x0000000765f00000, 0x0000000765f00000| Untracked 
|  68|0x0000000766000000, 0x0000000766000000, 0x0000000766100000|  0%| F|  |TAMS 0x0000000766000000, 0x0000000766000000| Untracked 
|  69|0x0000000766100000, 0x0000000766100000, 0x0000000766200000|  0%| F|  |TAMS 0x0000000766100000, 0x0000000766100000| Untracked 
|  70|0x0000000766200000, 0x0000000766200000, 0x0000000766300000|  0%| F|  |TAMS 0x0000000766200000, 0x0000000766200000| Untracked 
|  71|0x0000000766300000, 0x0000000766300000, 0x0000000766400000|  0%| F|  |TAMS 0x0000000766300000, 0x0000000766300000| Untracked 
|  72|0x0000000766400000, 0x0000000766400000, 0x0000000766500000|  0%| F|  |TAMS 0x0000000766400000, 0x0000000766400000| Untracked 
|  73|0x0000000766500000, 0x0000000766500000, 0x0000000766600000|  0%| F|  |TAMS 0x0000000766500000, 0x0000000766500000| Untracked 
|  74|0x0000000766600000, 0x0000000766600000, 0x0000000766700000|  0%| F|  |TAMS 0x0000000766600000, 0x0000000766600000| Untracked 
|  75|0x0000000766700000, 0x0000000766700000, 0x0000000766800000|  0%| F|  |TAMS 0x0000000766700000, 0x0000000766700000| Untracked 
|  76|0x0000000766800000, 0x0000000766800000, 0x0000000766900000|  0%| F|  |TAMS 0x0000000766800000, 0x0000000766800000| Untracked 
|  77|0x0000000766900000, 0x0000000766900000, 0x0000000766a00000|  0%| F|  |TAMS 0x0000000766900000, 0x0000000766900000| Untracked 
|  78|0x0000000766a00000, 0x0000000766a00000, 0x0000000766b00000|  0%| F|  |TAMS 0x0000000766a00000, 0x0000000766a00000| Untracked 
|  79|0x0000000766b00000, 0x0000000766b00000, 0x0000000766c00000|  0%| F|  |TAMS 0x0000000766b00000, 0x0000000766b00000| Untracked 
|  80|0x0000000766c00000, 0x0000000766c00000, 0x0000000766d00000|  0%| F|  |TAMS 0x0000000766c00000, 0x0000000766c00000| Untracked 
|  81|0x0000000766d00000, 0x0000000766d00000, 0x0000000766e00000|  0%| F|  |TAMS 0x0000000766d00000, 0x0000000766d00000| Untracked 
|  82|0x0000000766e00000, 0x0000000766e00000, 0x0000000766f00000|  0%| F|  |TAMS 0x0000000766e00000, 0x0000000766e00000| Untracked 
|  83|0x0000000766f00000, 0x0000000766f00000, 0x0000000767000000|  0%| F|  |TAMS 0x0000000766f00000, 0x0000000766f00000| Untracked 
|  84|0x0000000767000000, 0x0000000767000000, 0x0000000767100000|  0%| F|  |TAMS 0x0000000767000000, 0x0000000767000000| Untracked 
|  85|0x0000000767100000, 0x0000000767100000, 0x0000000767200000|  0%| F|  |TAMS 0x0000000767100000, 0x0000000767100000| Untracked 
|  86|0x0000000767200000, 0x0000000767200000, 0x0000000767300000|  0%| F|  |TAMS 0x0000000767200000, 0x0000000767200000| Untracked 
|  87|0x0000000767300000, 0x0000000767300000, 0x0000000767400000|  0%| F|  |TAMS 0x0000000767300000, 0x0000000767300000| Untracked 
|  88|0x0000000767400000, 0x0000000767400000, 0x0000000767500000|  0%| F|  |TAMS 0x0000000767400000, 0x0000000767400000| Untracked 
|  89|0x0000000767500000, 0x0000000767500000, 0x0000000767600000|  0%| F|  |TAMS 0x0000000767500000, 0x0000000767500000| Untracked 
|  90|0x0000000767600000, 0x0000000767600000, 0x0000000767700000|  0%| F|  |TAMS 0x0000000767600000, 0x0000000767600000| Untracked 
|  91|0x0000000767700000, 0x0000000767700000, 0x0000000767800000|  0%| F|  |TAMS 0x0000000767700000, 0x0000000767700000| Untracked 
|  92|0x0000000767800000, 0x0000000767800000, 0x0000000767900000|  0%| F|  |TAMS 0x0000000767800000, 0x0000000767800000| Untracked 
|  93|0x0000000767900000, 0x0000000767900000, 0x0000000767a00000|  0%| F|  |TAMS 0x0000000767900000, 0x0000000767900000| Untracked 
|  94|0x0000000767a00000, 0x0000000767a00000, 0x0000000767b00000|  0%| F|  |TAMS 0x0000000767a00000, 0x0000000767a00000| Untracked 
|  95|0x0000000767b00000, 0x0000000767b00000, 0x0000000767c00000|  0%| F|  |TAMS 0x0000000767b00000, 0x0000000767b00000| Untracked 
|  96|0x0000000767c00000, 0x0000000767c00000, 0x0000000767d00000|  0%| F|  |TAMS 0x0000000767c00000, 0x0000000767c00000| Untracked 
|  97|0x0000000767d00000, 0x0000000767d00000, 0x0000000767e00000|  0%| F|  |TAMS 0x0000000767d00000, 0x0000000767d00000| Untracked 
|  98|0x0000000767e00000, 0x0000000767e00000, 0x0000000767f00000|  0%| F|  |TAMS 0x0000000767e00000, 0x0000000767e00000| Untracked 
|  99|0x0000000767f00000, 0x0000000767f00000, 0x0000000768000000|  0%| F|  |TAMS 0x0000000767f00000, 0x0000000767f00000| Untracked 
| 100|0x0000000768000000, 0x0000000768000000, 0x0000000768100000|  0%| F|  |TAMS 0x0000000768000000, 0x0000000768000000| Untracked 
| 101|0x0000000768100000, 0x0000000768100000, 0x0000000768200000|  0%| F|  |TAMS 0x0000000768100000, 0x0000000768100000| Untracked 
| 102|0x0000000768200000, 0x0000000768200000, 0x0000000768300000|  0%| F|  |TAMS 0x0000000768200000, 0x0000000768200000| Untracked 
| 103|0x0000000768300000, 0x0000000768300000, 0x0000000768400000|  0%| F|  |TAMS 0x0000000768300000, 0x0000000768300000| Untracked 
| 104|0x0000000768400000, 0x0000000768400000, 0x0000000768500000|  0%| F|  |TAMS 0x0000000768400000, 0x0000000768400000| Untracked 
| 105|0x0000000768500000, 0x0000000768500000, 0x0000000768600000|  0%| F|  |TAMS 0x0000000768500000, 0x0000000768500000| Untracked 
| 106|0x0000000768600000, 0x0000000768600000, 0x0000000768700000|  0%| F|  |TAMS 0x0000000768600000, 0x0000000768600000| Untracked 
| 107|0x0000000768700000, 0x0000000768700000, 0x0000000768800000|  0%| F|  |TAMS 0x0000000768700000, 0x0000000768700000| Untracked 
| 108|0x0000000768800000, 0x0000000768800000, 0x0000000768900000|  0%| F|  |TAMS 0x0000000768800000, 0x0000000768800000| Untracked 
| 109|0x0000000768900000, 0x0000000768900000, 0x0000000768a00000|  0%| F|  |TAMS 0x0000000768900000, 0x0000000768900000| Untracked 
| 110|0x0000000768a00000, 0x0000000768a00000, 0x0000000768b00000|  0%| F|  |TAMS 0x0000000768a00000, 0x0000000768a00000| Untracked 
| 111|0x0000000768b00000, 0x0000000768b00000, 0x0000000768c00000|  0%| F|  |TAMS 0x0000000768b00000, 0x0000000768b00000| Untracked 
| 112|0x0000000768c00000, 0x0000000768c00000, 0x0000000768d00000|  0%| F|  |TAMS 0x0000000768c00000, 0x0000000768c00000| Untracked 
| 113|0x0000000768d00000, 0x0000000768d00000, 0x0000000768e00000|  0%| F|  |TAMS 0x0000000768d00000, 0x0000000768d00000| Untracked 
| 114|0x0000000768e00000, 0x0000000768e00000, 0x0000000768f00000|  0%| F|  |TAMS 0x0000000768e00000, 0x0000000768e00000| Untracked 
| 115|0x0000000768f00000, 0x0000000768f00000, 0x0000000769000000|  0%| F|  |TAMS 0x0000000768f00000, 0x0000000768f00000| Untracked 
| 116|0x0000000769000000, 0x0000000769000000, 0x0000000769100000|  0%| F|  |TAMS 0x0000000769000000, 0x0000000769000000| Untracked 
| 117|0x0000000769100000, 0x0000000769100000, 0x0000000769200000|  0%| F|  |TAMS 0x0000000769100000, 0x0000000769100000| Untracked 
| 118|0x0000000769200000, 0x0000000769200000, 0x0000000769300000|  0%| F|  |TAMS 0x0000000769200000, 0x0000000769200000| Untracked 
| 119|0x0000000769300000, 0x0000000769300000, 0x0000000769400000|  0%| F|  |TAMS 0x0000000769300000, 0x0000000769300000| Untracked 
| 120|0x0000000769400000, 0x0000000769400000, 0x0000000769500000|  0%| F|  |TAMS 0x0000000769400000, 0x0000000769400000| Untracked 
| 121|0x0000000769500000, 0x0000000769500000, 0x0000000769600000|  0%| F|  |TAMS 0x0000000769500000, 0x0000000769500000| Untracked 
| 122|0x0000000769600000, 0x0000000769600000, 0x0000000769700000|  0%| F|  |TAMS 0x0000000769600000, 0x0000000769600000| Untracked 
| 123|0x0000000769700000, 0x0000000769700000, 0x0000000769800000|  0%| F|  |TAMS 0x0000000769700000, 0x0000000769700000| Untracked 
| 124|0x0000000769800000, 0x0000000769800000, 0x0000000769900000|  0%| F|  |TAMS 0x0000000769800000, 0x0000000769800000| Untracked 
| 125|0x0000000769900000, 0x0000000769900000, 0x0000000769a00000|  0%| F|  |TAMS 0x0000000769900000, 0x0000000769900000| Untracked 
| 126|0x0000000769a00000, 0x0000000769a00000, 0x0000000769b00000|  0%| F|  |TAMS 0x0000000769a00000, 0x0000000769a00000| Untracked 
| 127|0x0000000769b00000, 0x0000000769b00000, 0x0000000769c00000|  0%| F|  |TAMS 0x0000000769b00000, 0x0000000769b00000| Untracked 
| 128|0x0000000769c00000, 0x0000000769c00000, 0x0000000769d00000|  0%| F|  |TAMS 0x0000000769c00000, 0x0000000769c00000| Untracked 
| 129|0x0000000769d00000, 0x0000000769d00000, 0x0000000769e00000|  0%| F|  |TAMS 0x0000000769d00000, 0x0000000769d00000| Untracked 
| 130|0x0000000769e00000, 0x0000000769e00000, 0x0000000769f00000|  0%| F|  |TAMS 0x0000000769e00000, 0x0000000769e00000| Untracked 
| 131|0x0000000769f00000, 0x0000000769f00000, 0x000000076a000000|  0%| F|  |TAMS 0x0000000769f00000, 0x0000000769f00000| Untracked 
| 132|0x000000076a000000, 0x000000076a000000, 0x000000076a100000|  0%| F|  |TAMS 0x000000076a000000, 0x000000076a000000| Untracked 
| 133|0x000000076a100000, 0x000000076a100000, 0x000000076a200000|  0%| F|  |TAMS 0x000000076a100000, 0x000000076a100000| Untracked 
| 134|0x000000076a200000, 0x000000076a200000, 0x000000076a300000|  0%| F|  |TAMS 0x000000076a200000, 0x000000076a200000| Untracked 
| 135|0x000000076a300000, 0x000000076a300000, 0x000000076a400000|  0%| F|  |TAMS 0x000000076a300000, 0x000000076a300000| Untracked 
| 136|0x000000076a400000, 0x000000076a400000, 0x000000076a500000|  0%| F|  |TAMS 0x000000076a400000, 0x000000076a400000| Untracked 
| 137|0x000000076a500000, 0x000000076a500000, 0x000000076a600000|  0%| F|  |TAMS 0x000000076a500000, 0x000000076a500000| Untracked 
| 138|0x000000076a600000, 0x000000076a600000, 0x000000076a700000|  0%| F|  |TAMS 0x000000076a600000, 0x000000076a600000| Untracked 
| 139|0x000000076a700000, 0x000000076a700000, 0x000000076a800000|  0%| F|  |TAMS 0x000000076a700000, 0x000000076a700000| Untracked 
| 140|0x000000076a800000, 0x000000076a800000, 0x000000076a900000|  0%| F|  |TAMS 0x000000076a800000, 0x000000076a800000| Untracked 
| 141|0x000000076a900000, 0x000000076a997fb0, 0x000000076aa00000| 59%| S|CS|TAMS 0x000000076a900000, 0x000000076a900000| Complete 
| 142|0x000000076aa00000, 0x000000076aa00000, 0x000000076ab00000|  0%| F|  |TAMS 0x000000076aa00000, 0x000000076aa00000| Untracked 
| 143|0x000000076ab00000, 0x000000076ab00000, 0x000000076ac00000|  0%| F|  |TAMS 0x000000076ab00000, 0x000000076ab00000| Untracked 
| 144|0x000000076ac00000, 0x000000076ac00000, 0x000000076ad00000|  0%| F|  |TAMS 0x000000076ac00000, 0x000000076ac00000| Untracked 
| 145|0x000000076ad00000, 0x000000076ad00000, 0x000000076ae00000|  0%| F|  |TAMS 0x000000076ad00000, 0x000000076ad00000| Untracked 
| 146|0x000000076ae00000, 0x000000076ae00000, 0x000000076af00000|  0%| F|  |TAMS 0x000000076ae00000, 0x000000076ae00000| Untracked 
| 147|0x000000076af00000, 0x000000076af00000, 0x000000076b000000|  0%| F|  |TAMS 0x000000076af00000, 0x000000076af00000| Untracked 
| 148|0x000000076b000000, 0x000000076b000000, 0x000000076b100000|  0%| F|  |TAMS 0x000000076b000000, 0x000000076b000000| Untracked 
| 149|0x000000076b100000, 0x000000076b100000, 0x000000076b200000|  0%| F|  |TAMS 0x000000076b100000, 0x000000076b100000| Untracked 
| 150|0x000000076b200000, 0x000000076b200000, 0x000000076b300000|  0%| F|  |TAMS 0x000000076b200000, 0x000000076b200000| Untracked 
| 151|0x000000076b300000, 0x000000076b300000, 0x000000076b400000|  0%| F|  |TAMS 0x000000076b300000, 0x000000076b300000| Untracked 
| 152|0x000000076b400000, 0x000000076b400000, 0x000000076b500000|  0%| F|  |TAMS 0x000000076b400000, 0x000000076b400000| Untracked 
| 153|0x000000076b500000, 0x000000076b500000, 0x000000076b600000|  0%| F|  |TAMS 0x000000076b500000, 0x000000076b500000| Untracked 
| 154|0x000000076b600000, 0x000000076b600000, 0x000000076b700000|  0%| F|  |TAMS 0x000000076b600000, 0x000000076b600000| Untracked 
| 155|0x000000076b700000, 0x000000076b7f37c8, 0x000000076b800000| 95%| E|  |TAMS 0x000000076b700000, 0x000000076b700000| Complete 
| 156|0x000000076b800000, 0x000000076b900000, 0x000000076b900000|100%| E|CS|TAMS 0x000000076b800000, 0x000000076b800000| Complete 
| 157|0x000000076b900000, 0x000000076ba00000, 0x000000076ba00000|100%| E|CS|TAMS 0x000000076b900000, 0x000000076b900000| Complete 
| 158|0x000000076ba00000, 0x000000076bb00000, 0x000000076bb00000|100%| E|CS|TAMS 0x000000076ba00000, 0x000000076ba00000| Complete 
| 159|0x000000076bb00000, 0x000000076bc00000, 0x000000076bc00000|100%| E|CS|TAMS 0x000000076bb00000, 0x000000076bb00000| Complete 

Card table byte_map: [0x0000013c5a060000,0x0000013c5a560000] _byte_map_base: 0x0000013c56552000

Marking Bits (Prev, Next): (CMBitMap*) 0x0000013c4246bb78, (CMBitMap*) 0x0000013c4246bbb0
 Prev Bits: [0x0000013c5aa60000, 0x0000013c5d1f0000)
 Next Bits: [0x0000013c5d1f0000, 0x0000013c5f980000)

Polling page: 0x0000013c41c00000

Metaspace:

Usage:
  Non-class:     11.33 MB capacity,    11.22 MB ( 99%) used,   100.46 KB ( <1%) free+waste,    18.38 KB ( <1%) overhead. 
      Class:      1.50 MB capacity,     1.40 MB ( 94%) used,    87.19 KB (  6%) free+waste,     9.06 KB ( <1%) overhead. 
       Both:     12.83 MB capacity,    12.62 MB ( 98%) used,   187.65 KB (  1%) free+waste,    27.44 KB ( <1%) overhead. 

Virtual space:
  Non-class space:       12.00 MB reserved,      11.50 MB ( 96%) committed 
      Class space:        1.00 GB reserved,       1.50 MB ( <1%) committed 
             Both:        1.01 GB reserved,      13.00 MB (  1%) committed 

Chunk freelists:
   Non-Class:  41.00 KB
       Class:  4.00 KB
        Both:  45.00 KB

MaxMetaspaceSize: 17179869184.00 GB
CompressedClassSpaceSize: 1.00 GB
Initial GC threshold: 20.80 MB
Current GC threshold: 20.80 MB
CDS: off

CodeHeap 'non-profiled nmethods': size=120064Kb used=515Kb max_used=515Kb free=119548Kb
 bounds [0x0000013c52620000, 0x0000013c52890000, 0x0000013c59b60000]
CodeHeap 'profiled nmethods': size=120000Kb used=2855Kb max_used=2855Kb free=117144Kb
 bounds [0x0000013c4b0f0000, 0x0000013c4b3c0000, 0x0000013c52620000]
CodeHeap 'non-nmethods': size=5696Kb used=1130Kb max_used=1149Kb free=4565Kb
 bounds [0x0000013c4ab60000, 0x0000013c4add0000, 0x0000013c4b0f0000]
 total_blobs=1685 nmethods=1303 adapters=295
 compilation: enabled
              stopped_count=0, restarted_count=0
 full_count=0

Compilation events (20 events):
Event: 2.907 Thread 0x0000013c623ca000 1293       3       java.net.URLStreamHandler::parseURL (1201 bytes)
Event: 2.912 Thread 0x0000013c623c4800 nmethod 1291 0x0000013c526a0290 code [0x0000013c526a0440, 0x0000013c526a0838]
Event: 2.938 Thread 0x0000013c623ca000 nmethod 1293 0x0000013c4b398190 code [0x0000013c4b399420, 0x0000013c4b3a4b68]
Event: 2.939 Thread 0x0000013c623ca000 1297   !   3       jdk.internal.loader.URLClassPath$JarLoader::getResource (353 bytes)
Event: 2.942 Thread 0x0000013c623ca000 nmethod 1297 0x0000013c4b3a8e90 code [0x0000013c4b3a9320, 0x0000013c4b3ab3f8]
Event: 2.942 Thread 0x0000013c623ca000 1294       3       java.io.File::slashify (84 bytes)
Event: 2.943 Thread 0x0000013c623c4800 1298 %     4       java.util.zip.ZipFile$Source::initCEN @ 228 (697 bytes)
Event: 2.944 Thread 0x0000013c623ca000 nmethod 1294 0x0000013c4b3ac690 code [0x0000013c4b3aca00, 0x0000013c4b3adc68]
Event: 2.944 Thread 0x0000013c623ca000 1295       3       java.net.URI::<init> (51 bytes)
Event: 2.945 Thread 0x0000013c623ca000 nmethod 1295 0x0000013c4b3ae310 code [0x0000013c4b3ae520, 0x0000013c4b3aea08]
Event: 2.945 Thread 0x0000013c623ca000 1296       3       java.net.URI::appendSchemeSpecificPart (183 bytes)
Event: 2.947 Thread 0x0000013c623ca000 nmethod 1296 0x0000013c4b3aec10 code [0x0000013c4b3aef60, 0x0000013c4b3aff18]
Event: 2.956 Thread 0x0000013c623ca000 1300       3       java.util.LinkedList::<init> (10 bytes)
Event: 2.956 Thread 0x0000013c623ca000 nmethod 1300 0x0000013c4b3b0610 code [0x0000013c4b3b07e0, 0x0000013c4b3b0a58]
Event: 2.956 Thread 0x0000013c623ca000 1301       3       java.util.AbstractSequentialList::<init> (5 bytes)
Event: 2.956 Thread 0x0000013c623ca000 nmethod 1301 0x0000013c4b3b0b90 code [0x0000013c4b3b0d60, 0x0000013c4b3b0f78]
Event: 2.966 Thread 0x0000013c623ca000 1302       3       jdk.internal.util.jar.JarIndex::addToList (59 bytes)
Event: 2.967 Thread 0x0000013c623ca000 nmethod 1302 0x0000013c4b3b1090 code [0x0000013c4b3b12e0, 0x0000013c4b3b1ba8]
Event: 2.986 Thread 0x0000013c623ca000 1303       3       java.lang.String::endsWith (15 bytes)
Event: 2.987 Thread 0x0000013c623ca000 nmethod 1303 0x0000013c4b3b1f10 code [0x0000013c4b3b2100, 0x0000013c4b3b2428]

GC Heap History (8 events):
Event: 0.592 GC heap before
{Heap before GC invocations=0 (full 0):
 garbage-first heap   total 163840K, used 7168K [0x0000000761c00000, 0x0000000800000000)
  region size 1024K, 8 young (8192K), 0 survivors (0K)
 Metaspace       used 6178K, capacity 6328K, committed 6528K, reserved 1056768K
  class space    used 526K, capacity 575K, committed 640K, reserved 1048576K
}
Event: 0.599 GC heap after
{Heap after GC invocations=1 (full 0):
 garbage-first heap   total 163840K, used 1435K [0x0000000761c00000, 0x0000000800000000)
  region size 1024K, 1 young (1024K), 1 survivors (1024K)
 Metaspace       used 6178K, capacity 6328K, committed 6528K, reserved 1056768K
  class space    used 526K, capacity 575K, committed 640K, reserved 1048576K
}
Event: 1.862 GC heap before
{Heap before GC invocations=1 (full 0):
 garbage-first heap   total 163840K, used 32155K [0x0000000761c00000, 0x0000000800000000)
  region size 1024K, 25 young (25600K), 1 survivors (1024K)
 Metaspace       used 12027K, capacity 12248K, committed 12544K, reserved 1060864K
  class space    used 1347K, capacity 1427K, committed 1536K, reserved 1048576K
}
Event: 1.874 GC heap after
{Heap after GC invocations=2 (full 0):
 garbage-first heap   total 163840K, used 9334K [0x0000000761c00000, 0x0000000800000000)
  region size 1024K, 4 young (4096K), 4 survivors (4096K)
 Metaspace       used 12027K, capacity 12248K, committed 12544K, reserved 1060864K
  class space    used 1347K, capacity 1427K, committed 1536K, reserved 1048576K
}
Event: 2.267 GC heap before
{Heap before GC invocations=2 (full 0):
 garbage-first heap   total 163840K, used 15478K [0x0000000761c00000, 0x0000000800000000)
  region size 1024K, 10 young (10240K), 4 survivors (4096K)
 Metaspace       used 12747K, capacity 12975K, committed 13056K, reserved 1060864K
  class space    used 1424K, capacity 1499K, committed 1536K, reserved 1048576K
}
Event: 2.274 GC heap after
{Heap after GC invocations=3 (full 0):
 garbage-first heap   total 163840K, used 10234K [0x0000000761c00000, 0x0000000800000000)
  region size 1024K, 1 young (1024K), 1 survivors (1024K)
 Metaspace       used 12747K, capacity 12975K, committed 13056K, reserved 1060864K
  class space    used 1424K, capacity 1499K, committed 1536K, reserved 1048576K
}
Event: 2.883 GC heap before
{Heap before GC invocations=3 (full 0):
 garbage-first heap   total 163840K, used 27642K [0x0000000761c00000, 0x0000000800000000)
  region size 1024K, 18 young (18432K), 1 survivors (1024K)
 Metaspace       used 12878K, capacity 13139K, committed 13312K, reserved 1060864K
  class space    used 1429K, capacity 1532K, committed 1536K, reserved 1048576K
}
Event: 2.886 GC heap after
{Heap after GC invocations=4 (full 0):
 garbage-first heap   total 163840K, used 10323K [0x0000000761c00000, 0x0000000800000000)
  region size 1024K, 1 young (1024K), 1 survivors (1024K)
 Metaspace       used 12878K, capacity 13139K, committed 13312K, reserved 1060864K
  class space    used 1429K, capacity 1532K, committed 1536K, reserved 1048576K
}

Deoptimization events (20 events):
Event: 2.067 Thread 0x0000013c42420800 DEOPT PACKING pc=0x0000013c4b172b61 sp=0x0000003189cfc7e0
Event: 2.067 Thread 0x0000013c42420800 DEOPT UNPACKING pc=0x0000013c4abaa95e sp=0x0000003189cfbca8 mode 0
Event: 2.068 Thread 0x0000013c42420800 DEOPT PACKING pc=0x0000013c4b172b61 sp=0x0000003189cfc7e0
Event: 2.068 Thread 0x0000013c42420800 DEOPT UNPACKING pc=0x0000013c4abaa95e sp=0x0000003189cfbca8 mode 0
Event: 2.074 Thread 0x0000013c42420800 DEOPT PACKING pc=0x0000013c4b172b61 sp=0x0000003189cfc7e0
Event: 2.074 Thread 0x0000013c42420800 DEOPT UNPACKING pc=0x0000013c4abaa95e sp=0x0000003189cfbca8 mode 0
Event: 2.398 Thread 0x0000013c42420800 DEOPT PACKING pc=0x0000013c4b1615c5 sp=0x0000003189cfc790
Event: 2.398 Thread 0x0000013c42420800 DEOPT UNPACKING pc=0x0000013c4abaa95e sp=0x0000003189cfbc50 mode 0
Event: 2.688 Thread 0x0000013c42420800 Uncommon trap: trap_request=0xffffff4d fr.pc=0x0000013c5267e000 relative=0x0000000000001040
Event: 2.688 Thread 0x0000013c42420800 Uncommon trap: reason=unstable_if action=reinterpret pc=0x0000013c5267e000 method=jdk.internal.util.jar.JarIndex.get(Ljava/lang/String;)Ljava/util/LinkedList; @ 27 c2
Event: 2.688 Thread 0x0000013c42420800 DEOPT PACKING pc=0x0000013c5267e000 sp=0x0000003189cfaf90
Event: 2.688 Thread 0x0000013c42420800 DEOPT UNPACKING pc=0x0000013c4abaa1af sp=0x0000003189cfaea8 mode 2
Event: 2.693 Thread 0x0000013c42420800 DEOPT PACKING pc=0x0000013c4b159bc6 sp=0x0000003189cfc900
Event: 2.693 Thread 0x0000013c42420800 DEOPT UNPACKING pc=0x0000013c4abaa95e sp=0x0000003189cfbe40 mode 0
Event: 2.895 Thread 0x0000013c42420800 DEOPT PACKING pc=0x0000013c4b17f7c1 sp=0x0000003189cfc900
Event: 2.895 Thread 0x0000013c42420800 DEOPT UNPACKING pc=0x0000013c4abaa95e sp=0x0000003189cfbdf8 mode 0
Event: 2.905 Thread 0x0000013c42420800 DEOPT PACKING pc=0x0000013c4b17f7c1 sp=0x0000003189cfc900
Event: 2.905 Thread 0x0000013c42420800 DEOPT UNPACKING pc=0x0000013c4abaa95e sp=0x0000003189cfbdf8 mode 0
Event: 2.982 Thread 0x0000013c42420800 DEOPT PACKING pc=0x0000013c4b1b6be4 sp=0x0000003189cf70b0
Event: 2.982 Thread 0x0000013c42420800 DEOPT UNPACKING pc=0x0000013c4abaa95e sp=0x0000003189cf6650 mode 0

Classes redefined (0 events):
No events

Internal exceptions (10 events):
Event: 0.240 Thread 0x0000013c42420800 Exception <a 'java/lang/NoSuchMethodError'{0x000000076bae1620}: 'int java.lang.invoke.DirectMethodHandle$Holder.invokeStaticInit(java.lang.Object, java.lang.Object)'> (0x000000076bae1620) thrown at [./src/hotspot/share/interpreter/linkResolver.cpp, line 773]
Event: 0.331 Thread 0x0000013c42420800 Exception <a 'java/lang/NoSuchMethodError'{0x000000076b9babb0}: 'int java.lang.invoke.DirectMethodHandle$Holder.invokeSpecial(java.lang.Object, java.lang.Object, java.lang.Object, java.lang.Object)'> (0x000000076b9babb0) thrown at [./src/hotspot/share/interpreter/linkResolver.cpp, line 773]
Event: 0.353 Thread 0x0000013c42420800 Exception <a 'java/lang/NoSuchMethodError'{0x000000076b9f29b8}: 'int java.lang.invoke.DirectMethodHandle$Holder.invokeSpecialIFC(java.lang.Object, java.lang.Object, int)'> (0x000000076b9f29b8) thrown at [./src/hotspot/share/interpreter/linkResolver.cpp, line 773]
Event: 1.368 Thread 0x0000013c42420800 Implicit null exception at 0x0000013c5265f975 to 0x0000013c5265fb60
Event: 1.420 Thread 0x0000013c42420800 Exception <a 'java/lang/NoClassDefFoundError'{0x000000076aef0068}: org/slf4j/impl/StaticMarkerBinder> (0x000000076aef0068) thrown at [./src/hotspot/share/classfile/systemDictionary.cpp, line 219]
Event: 1.478 Thread 0x0000013c42420800 Exception <a 'java/lang/NoSuchMethodError'{0x000000076addd258}: 'java.lang.Object java.lang.invoke.DirectMethodHandle$Holder.invokeVirtual(java.lang.Object, java.lang.Object, java.lang.Object, java.lang.Object, java.lang.Object, java.lang.Object, java.lang.Object)'> (0x000000076addd258) thrown at [./src/hotspot/share/interpreter/linkResolver.cpp, line 773]
Event: 1.487 Thread 0x0000013c42420800 Exception <a 'java/lang/NoSuchMethodError'{0x000000076adf0a68}: 'java.lang.Object java.lang.invoke.Invokers$Holder.invoker(java.lang.Object, java.lang.Object, java.lang.Object)'> (0x000000076adf0a68) thrown at [./src/hotspot/share/interpreter/linkResolver.cpp, line 773]
Event: 1.495 Thread 0x0000013c42420800 Exception <a 'java/lang/NoSuchMethodError'{0x000000076ac01b98}: 'void java.lang.invoke.DelegatingMethodHandle$Holder.delegate(java.lang.Object, java.lang.Object, int, java.lang.Object)'> (0x000000076ac01b98) thrown at [./src/hotspot/share/interpreter/linkResolver.cpp, line 773]
Event: 1.723 Thread 0x0000013c42420800 Exception <a 'java/lang/NoSuchMethodError'{0x000000076a62da40}: 'java.lang.Object java.lang.invoke.DirectMethodHandle$Holder.invokeInterface(java.lang.Object, java.lang.Object, java.lang.Object)'> (0x000000076a62da40) thrown at [./src/hotspot/share/interpreter/linkResolver.cpp, line 773]
Event: 1.816 Thread 0x0000013c42420800 Exception <a 'java/lang/NoSuchMethodError'{0x000000076a486d78}: 'java.lang.Object java.lang.invoke.DirectMethodHandle$Holder.invokeStaticInit(java.lang.Object, java.lang.Object, java.lang.Object)'> (0x000000076a486d78) thrown at [./src/hotspot/share/interpreter/linkResolver.cpp, line 773]

Events (20 events):
Event: 2.275 Executing VM operation: RevokeBias
Event: 2.275 Executing VM operation: RevokeBias done
Event: 2.275 Executing VM operation: RevokeBias
Event: 2.275 Executing VM operation: RevokeBias done
Event: 2.275 Executing VM operation: RevokeBias
Event: 2.275 Executing VM operation: RevokeBias done
Event: 2.275 Executing VM operation: RevokeBias
Event: 2.275 Executing VM operation: RevokeBias done
Event: 2.276 Executing VM operation: RevokeBias
Event: 2.276 Executing VM operation: RevokeBias done
Event: 2.277 loading class org/gradle/api/internal/classpath/DefaultModuleRegistry
Event: 2.277 loading class org/gradle/api/internal/classpath/DefaultModuleRegistry done
Event: 2.280 loading class org/gradle/util/internal/GUtil
Event: 2.280 loading class org/gradle/util/internal/GUtil done
Event: 2.283 loading class org/gradle/api/internal/classpath/DefaultModuleRegistry$DefaultModule
Event: 2.283 loading class org/gradle/api/internal/classpath/DefaultModuleRegistry$DefaultModule done
Event: 2.883 Executing VM operation: G1CollectForAllocation
Event: 2.886 Executing VM operation: G1CollectForAllocation done
Event: 2.886 Executing VM operation: RevokeBias
Event: 2.886 Executing VM operation: RevokeBias done


Dynamic libraries:
0x00007ff6aed90000 - 0x00007ff6aed9d000 	C:\Program Files\Unity\Hub\Editor\2022.3.17f1\Editor\Data\PlaybackEngines\AndroidPlayer\OpenJDK\bin\java.exe
0x00007ffefd0b0000 - 0x00007ffefd2a8000 	C:\Windows\SYSTEM32\ntdll.dll
0x00007ffefbc80000 - 0x00007ffefbd3d000 	C:\Windows\System32\KERNEL32.DLL
0x00007ffefa8d0000 - 0x00007ffefabc6000 	C:\Windows\System32\KERNELBASE.dll
0x00007ffefaeb0000 - 0x00007ffefafb0000 	C:\Windows\System32\ucrtbase.dll
0x00007ffee5f60000 - 0x00007ffee5f75000 	C:\Program Files\Unity\Hub\Editor\2022.3.17f1\Editor\Data\PlaybackEngines\AndroidPlayer\OpenJDK\bin\VCRUNTIME140.dll
0x00007ffee8360000 - 0x00007ffee8377000 	C:\Program Files\Unity\Hub\Editor\2022.3.17f1\Editor\Data\PlaybackEngines\AndroidPlayer\OpenJDK\bin\jli.dll
0x00007ffefb270000 - 0x00007ffefb40e000 	C:\Windows\System32\USER32.dll
0x00007ffefae50000 - 0x00007ffefae72000 	C:\Windows\System32\win32u.dll
0x00007ffeee580000 - 0x00007ffeee81a000 	C:\Windows\WinSxS\amd64_microsoft.windows.common-controls_6595b64144ccf1df_6.0.19041.3636_none_60b6a03d71f818d5\COMCTL32.dll
0x00007ffefbe30000 - 0x00007ffefbe5b000 	C:\Windows\System32\GDI32.dll
0x00007ffefc0c0000 - 0x00007ffefc15e000 	C:\Windows\System32\msvcrt.dll
0x00007ffefabd0000 - 0x00007ffeface7000 	C:\Windows\System32\gdi32full.dll
0x00007ffefb040000 - 0x00007ffefb0dd000 	C:\Windows\System32\msvcp_win.dll
0x00007ffefb7e0000 - 0x00007ffefb812000 	C:\Windows\System32\IMM32.DLL
0x00007ffeda670000 - 0x00007ffeda70b000 	C:\Program Files\Unity\Hub\Editor\2022.3.17f1\Editor\Data\PlaybackEngines\AndroidPlayer\OpenJDK\bin\msvcp140.dll
0x00007ffe86c30000 - 0x00007ffe877b1000 	C:\Program Files\Unity\Hub\Editor\2022.3.17f1\Editor\Data\PlaybackEngines\AndroidPlayer\OpenJDK\bin\server\jvm.dll
0x00007ffefb9d0000 - 0x00007ffefba80000 	C:\Windows\System32\ADVAPI32.dll
0x00007ffefc960000 - 0x00007ffefca00000 	C:\Windows\System32\sechost.dll
0x00007ffefb0e0000 - 0x00007ffefb205000 	C:\Windows\System32\RPCRT4.dll
0x00007ffefae80000 - 0x00007ffefaea7000 	C:\Windows\System32\bcrypt.dll
0x00007ffefb770000 - 0x00007ffefb778000 	C:\Windows\System32\PSAPI.DLL
0x00007ffeef0a0000 - 0x00007ffeef0a9000 	C:\Windows\SYSTEM32\WSOCK32.dll
0x00007ffee53d0000 - 0x00007ffee53f7000 	C:\Windows\SYSTEM32\WINMM.dll
0x00007ffefc8d0000 - 0x00007ffefc93b000 	C:\Windows\System32\WS2_32.dll
0x00007ffeeb380000 - 0x00007ffeeb38a000 	C:\Windows\SYSTEM32\VERSION.dll
0x00007ffef8530000 - 0x00007ffef8542000 	C:\Windows\SYSTEM32\kernel.appcore.dll
0x00007ffef4270000 - 0x00007ffef4280000 	C:\Program Files\Unity\Hub\Editor\2022.3.17f1\Editor\Data\PlaybackEngines\AndroidPlayer\OpenJDK\bin\verify.dll
0x00007ffeea6b0000 - 0x00007ffeea894000 	C:\Windows\SYSTEM32\DBGHELP.DLL
0x00007ffeea670000 - 0x00007ffeea6a4000 	C:\Windows\SYSTEM32\dbgcore.DLL
0x00007ffefafb0000 - 0x00007ffefb032000 	C:\Windows\System32\bcryptPrimitives.dll
0x00007ffee4a20000 - 0x00007ffee4a48000 	C:\Program Files\Unity\Hub\Editor\2022.3.17f1\Editor\Data\PlaybackEngines\AndroidPlayer\OpenJDK\bin\java.dll
0x00007ffeeb580000 - 0x00007ffeeb58a000 	C:\Program Files\Unity\Hub\Editor\2022.3.17f1\Editor\Data\PlaybackEngines\AndroidPlayer\OpenJDK\bin\jimage.dll
0x00007ffee12e0000 - 0x00007ffee12f8000 	C:\Program Files\Unity\Hub\Editor\2022.3.17f1\Editor\Data\PlaybackEngines\AndroidPlayer\OpenJDK\bin\zip.dll
0x00007ffefc160000 - 0x00007ffefc8cb000 	C:\Windows\System32\SHELL32.dll
0x00007ffef8810000 - 0x00007ffef8fae000 	C:\Windows\SYSTEM32\windows.storage.dll
0x00007ffefb410000 - 0x00007ffefb763000 	C:\Windows\System32\combase.dll
0x00007ffefa0c0000 - 0x00007ffefa0ee000 	C:\Windows\SYSTEM32\Wldp.dll
0x00007ffefbe60000 - 0x00007ffefbf2d000 	C:\Windows\System32\OLEAUT32.dll
0x00007ffefbbc0000 - 0x00007ffefbc6d000 	C:\Windows\System32\SHCORE.dll
0x00007ffefbd40000 - 0x00007ffefbd95000 	C:\Windows\System32\shlwapi.dll
0x00007ffefa690000 - 0x00007ffefa6b5000 	C:\Windows\SYSTEM32\profapi.dll
0x00007ffee12c0000 - 0x00007ffee12d9000 	C:\Program Files\Unity\Hub\Editor\2022.3.17f1\Editor\Data\PlaybackEngines\AndroidPlayer\OpenJDK\bin\net.dll
0x00007ffef2050000 - 0x00007ffef215a000 	C:\Windows\SYSTEM32\WINHTTP.dll
0x00007ffef9e20000 - 0x00007ffef9e8a000 	C:\Windows\system32\mswsock.dll
0x00007ffedf630000 - 0x00007ffedf643000 	C:\Program Files\Unity\Hub\Editor\2022.3.17f1\Editor\Data\PlaybackEngines\AndroidPlayer\OpenJDK\bin\nio.dll
0x00007ffeda640000 - 0x00007ffeda667000 	C:\Users\37493\.gradle\native\e1d6ef7f7dcc3fd88c89a11ec53ec762bb8ba0a96d01ffa2cd45eb1d1d8dd5c5\windows-amd64\native-platform.dll
0x00007ffedfb00000 - 0x00007ffedfb09000 	C:\Program Files\Unity\Hub\Editor\2022.3.17f1\Editor\Data\PlaybackEngines\AndroidPlayer\OpenJDK\bin\management.dll
0x00007ffedf340000 - 0x00007ffedf34b000 	C:\Program Files\Unity\Hub\Editor\2022.3.17f1\Editor\Data\PlaybackEngines\AndroidPlayer\OpenJDK\bin\management_ext.dll

dbghelp: loaded successfully - version: 4.0.5 - missing functions: none
symbol engine: initialized successfully - sym options: 0x614 - pdb path: (cannot be retrieved)

VM Arguments:
jvm_args: -Dfile.encoding=UTF-8 
java_command: org.gradle.launcher.GradleMain -Dorg.gradle.jvmargs=-Xmx4096m --stop
java_class_path (initial): C:\Program Files\Unity\Hub\Editor\2022.3.17f1\Editor\Data\PlaybackEngines\AndroidPlayer\Tools\gradle\lib\gradle-launcher-7.2.jar
Launcher Type: SUN_STANDARD

[Global flags]
     intx CICompilerCount                          = 2                                         {product} {ergonomic}
     uint ConcGCThreads                            = 1                                         {product} {ergonomic}
     uint G1ConcRefinementThreads                  = 2                                         {product} {ergonomic}
   size_t G1HeapRegionSize                         = 1048576                                   {product} {ergonomic}
    uintx GCDrainStackTargetSize                   = 64                                        {product} {ergonomic}
   size_t InitialHeapSize                          = 167772160                                 {product} {ergonomic}
   size_t MarkStackSize                            = 4194304                                   {product} {ergonomic}
   size_t MaxHeapSize                              = 2654994432                                {product} {ergonomic}
   size_t MaxNewSize                               = 1592786944                                {product} {ergonomic}
   size_t MinHeapDeltaBytes                        = 1048576                                   {product} {ergonomic}
    uintx NonNMethodCodeHeapSize                   = 5825164                                {pd product} {ergonomic}
    uintx NonProfiledCodeHeapSize                  = 122916538                              {pd product} {ergonomic}
    uintx ProfiledCodeHeapSize                     = 122916538                              {pd product} {ergonomic}
    uintx ReservedCodeCacheSize                    = 251658240                              {pd product} {ergonomic}
     bool SegmentedCodeCache                       = true                                      {product} {ergonomic}
     bool UseCompressedClassPointers               = true                                 {lp64_product} {ergonomic}
     bool UseCompressedOops                        = true                                 {lp64_product} {ergonomic}
     bool UseG1GC                                  = true                                      {product} {ergonomic}
     bool UseLargePagesIndividualAllocation        = false                                  {pd product} {ergonomic}

Logging:
Log output configuration:
 #0: stdout all=warning uptime,level,tags
 #1: stderr all=off uptime,level,tags

Environment Variables:
JAVA_HOME=C:\Program Files\Unity\Hub\Editor\2022.3.17f1\Editor\Data\PlaybackEngines\AndroidPlayer\OpenJDK
JAVA_TOOL_OPTIONS=-Dfile.encoding=UTF-8
PATH=C:\Program Files (x86)\Intel\TXE Components\TCS\;C:\Program Files\Intel\TXE Components\TCS\;C:\Windows\system32;C:\Windows;C:\Windows\System32\Wbem;C:\Windows\System32\WindowsPowerShell\v1.0\;C:\Windows\System32\OpenSSH\;C:\Program Files\dotnet\;C:\Users\37493\AppData\Local\Microsoft\WindowsApps;C:\Users\37493\AppData\Local\Programs\Microsoft VS Code\bin
USERNAME=MESHIK
OS=Windows_NT
PROCESSOR_IDENTIFIER=Intel64 Family 6 Model 58 Stepping 9, GenuineIntel



---------------  S Y S T E M  ---------------

OS: Windows 10 , 64 bit Build 19041 (10.0.19041.3636)
OS uptime: 1 days 4:05 hours

CPU:total 2 (initial active 2) (2 cores per cpu, 2 threads per core) family 6 model 58 stepping 9 microcode 0x21, cmov, cx8, fxsr, mmx, sse, sse2, sse3, ssse3, sse4.1, sse4.2, popcnt, avx, aes, clmul, erms, ht, tsc, tscinvbit, tscinv

Memory: 4k page, system-wide physical 10121M (1489M free)
TotalPageFile size 12021M (AvailPageFile size 4M)
current process WorkingSet (physical memory assigned to process): 98M, peak: 98M
current process commit charge ("private bytes"): 252M, peak: 252M

vm_info: OpenJDK 64-Bit Server VM (11.0.14.1+1) for windows-amd64 JRE (11.0.14.1+1), built on Feb  9 2022 01:48:27 by "" with unknown MS VC++:1916

END.
